2023-09-24 08:12:11 - INFO - Added key: store_based_barrier_key:1 to store for rank: 0
2023-09-24 08:12:11 - INFO - Rank 0: Completed store-based barrier for key:store_based_barrier_key:1 with 1 nodes.
2023-09-24 08:12:11 - INFO - Added key: store_based_barrier_key:1 to store for rank: 0
2023-09-24 08:12:11 - INFO - Added key: store_based_barrier_key:1 to store for rank: 0
2023-09-24 08:12:11 - INFO - Added key: store_based_barrier_key:1 to store for rank: 0
2023-09-24 08:12:21 - INFO - Waiting in store based barrier to initialize process group for rank: 0, key: store_based_barrier_key:1 (world_size=1, worker_count=4, timeout=0:30:00)
2023-09-24 08:12:21 - INFO - Waiting in store based barrier to initialize process group for rank: 0, key: store_based_barrier_key:1 (world_size=1, worker_count=4, timeout=0:30:00)
2023-09-24 08:12:21 - INFO - Waiting in store based barrier to initialize process group for rank: 0, key: store_based_barrier_key:1 (world_size=1, worker_count=4, timeout=0:30:00)
2023-09-24 08:12:31 - INFO - Waiting in store based barrier to initialize process group for rank: 0, key: store_based_barrier_key:1 (world_size=1, worker_count=4, timeout=0:30:00)
2023-09-24 08:12:31 - INFO - Waiting in store based barrier to initialize process group for rank: 0, key: store_based_barrier_key:1 (world_size=1, worker_count=4, timeout=0:30:00)
2023-09-24 08:12:31 - INFO - Waiting in store based barrier to initialize process group for rank: 0, key: store_based_barrier_key:1 (world_size=1, worker_count=4, timeout=0:30:00)
2023-09-24 08:12:41 - INFO - Waiting in store based barrier to initialize process group for rank: 0, key: store_based_barrier_key:1 (world_size=1, worker_count=4, timeout=0:30:00)
2023-09-24 08:12:41 - INFO - Waiting in store based barrier to initialize process group for rank: 0, key: store_based_barrier_key:1 (world_size=1, worker_count=4, timeout=0:30:00)
2023-09-24 08:12:41 - INFO - Waiting in store based barrier to initialize process group for rank: 0, key: store_based_barrier_key:1 (world_size=1, worker_count=4, timeout=0:30:00)
2023-09-24 08:12:51 - INFO - Waiting in store based barrier to initialize process group for rank: 0, key: store_based_barrier_key:1 (world_size=1, worker_count=4, timeout=0:30:00)
2023-09-24 08:12:51 - INFO - Waiting in store based barrier to initialize process group for rank: 0, key: store_based_barrier_key:1 (world_size=1, worker_count=4, timeout=0:30:00)
2023-09-24 08:12:51 - INFO - Waiting in store based barrier to initialize process group for rank: 0, key: store_based_barrier_key:1 (world_size=1, worker_count=4, timeout=0:30:00)
2023-09-24 08:13:01 - INFO - Waiting in store based barrier to initialize process group for rank: 0, key: store_based_barrier_key:1 (world_size=1, worker_count=4, timeout=0:30:00)
2023-09-24 08:13:01 - INFO - Waiting in store based barrier to initialize process group for rank: 0, key: store_based_barrier_key:1 (world_size=1, worker_count=4, timeout=0:30:00)
2023-09-24 08:13:01 - INFO - Waiting in store based barrier to initialize process group for rank: 0, key: store_based_barrier_key:1 (world_size=1, worker_count=4, timeout=0:30:00)
2023-09-24 08:13:11 - INFO - Waiting in store based barrier to initialize process group for rank: 0, key: store_based_barrier_key:1 (world_size=1, worker_count=4, timeout=0:30:00)
2023-09-24 08:13:11 - INFO - Waiting in store based barrier to initialize process group for rank: 0, key: store_based_barrier_key:1 (world_size=1, worker_count=4, timeout=0:30:00)
2023-09-24 08:13:11 - INFO - Waiting in store based barrier to initialize process group for rank: 0, key: store_based_barrier_key:1 (world_size=1, worker_count=4, timeout=0:30:00)
2023-09-24 08:13:21 - INFO - Waiting in store based barrier to initialize process group for rank: 0, key: store_based_barrier_key:1 (world_size=1, worker_count=4, timeout=0:30:00)
2023-09-24 08:13:21 - INFO - Waiting in store based barrier to initialize process group for rank: 0, key: store_based_barrier_key:1 (world_size=1, worker_count=4, timeout=0:30:00)
2023-09-24 08:13:21 - INFO - Waiting in store based barrier to initialize process group for rank: 0, key: store_based_barrier_key:1 (world_size=1, worker_count=4, timeout=0:30:00)
2023-09-24 08:13:31 - INFO - Waiting in store based barrier to initialize process group for rank: 0, key: store_based_barrier_key:1 (world_size=1, worker_count=4, timeout=0:30:00)
2023-09-24 08:13:31 - INFO - Waiting in store based barrier to initialize process group for rank: 0, key: store_based_barrier_key:1 (world_size=1, worker_count=4, timeout=0:30:00)
2023-09-24 08:13:31 - INFO - Waiting in store based barrier to initialize process group for rank: 0, key: store_based_barrier_key:1 (world_size=1, worker_count=4, timeout=0:30:00)
2023-09-24 08:13:41 - INFO - Waiting in store based barrier to initialize process group for rank: 0, key: store_based_barrier_key:1 (world_size=1, worker_count=4, timeout=0:30:00)
2023-09-24 08:13:41 - INFO - Waiting in store based barrier to initialize process group for rank: 0, key: store_based_barrier_key:1 (world_size=1, worker_count=4, timeout=0:30:00)
2023-09-24 08:13:41 - INFO - Waiting in store based barrier to initialize process group for rank: 0, key: store_based_barrier_key:1 (world_size=1, worker_count=4, timeout=0:30:00)
2023-09-24 08:13:51 - INFO - Waiting in store based barrier to initialize process group for rank: 0, key: store_based_barrier_key:1 (world_size=1, worker_count=4, timeout=0:30:00)
2023-09-24 08:13:51 - INFO - Waiting in store based barrier to initialize process group for rank: 0, key: store_based_barrier_key:1 (world_size=1, worker_count=4, timeout=0:30:00)
2023-09-24 08:13:51 - INFO - Waiting in store based barrier to initialize process group for rank: 0, key: store_based_barrier_key:1 (world_size=1, worker_count=4, timeout=0:30:00)
2023-09-24 08:14:01 - INFO - Waiting in store based barrier to initialize process group for rank: 0, key: store_based_barrier_key:1 (world_size=1, worker_count=4, timeout=0:30:00)
2023-09-24 08:14:01 - INFO - Waiting in store based barrier to initialize process group for rank: 0, key: store_based_barrier_key:1 (world_size=1, worker_count=4, timeout=0:30:00)
2023-09-24 08:14:01 - INFO - Waiting in store based barrier to initialize process group for rank: 0, key: store_based_barrier_key:1 (world_size=1, worker_count=4, timeout=0:30:00)
2023-09-24 08:14:11 - INFO - Waiting in store based barrier to initialize process group for rank: 0, key: store_based_barrier_key:1 (world_size=1, worker_count=4, timeout=0:30:00)
2023-09-24 08:14:11 - INFO - Waiting in store based barrier to initialize process group for rank: 0, key: store_based_barrier_key:1 (world_size=1, worker_count=4, timeout=0:30:00)
2023-09-24 08:14:11 - INFO - Waiting in store based barrier to initialize process group for rank: 0, key: store_based_barrier_key:1 (world_size=1, worker_count=4, timeout=0:30:00)
2023-09-24 08:14:21 - INFO - Waiting in store based barrier to initialize process group for rank: 0, key: store_based_barrier_key:1 (world_size=1, worker_count=4, timeout=0:30:00)
2023-09-24 08:14:21 - INFO - Waiting in store based barrier to initialize process group for rank: 0, key: store_based_barrier_key:1 (world_size=1, worker_count=4, timeout=0:30:00)
2023-09-24 08:14:21 - INFO - Waiting in store based barrier to initialize process group for rank: 0, key: store_based_barrier_key:1 (world_size=1, worker_count=4, timeout=0:30:00)
2023-09-24 08:14:31 - INFO - Waiting in store based barrier to initialize process group for rank: 0, key: store_based_barrier_key:1 (world_size=1, worker_count=4, timeout=0:30:00)
2023-09-24 08:14:31 - INFO - Waiting in store based barrier to initialize process group for rank: 0, key: store_based_barrier_key:1 (world_size=1, worker_count=4, timeout=0:30:00)
2023-09-24 08:14:31 - INFO - Waiting in store based barrier to initialize process group for rank: 0, key: store_based_barrier_key:1 (world_size=1, worker_count=4, timeout=0:30:00)
2023-09-24 08:14:41 - INFO - Waiting in store based barrier to initialize process group for rank: 0, key: store_based_barrier_key:1 (world_size=1, worker_count=4, timeout=0:30:00)
2023-09-24 08:14:41 - INFO - Waiting in store based barrier to initialize process group for rank: 0, key: store_based_barrier_key:1 (world_size=1, worker_count=4, timeout=0:30:00)
2023-09-24 08:14:41 - INFO - Waiting in store based barrier to initialize process group for rank: 0, key: store_based_barrier_key:1 (world_size=1, worker_count=4, timeout=0:30:00)
2023-09-24 08:14:51 - INFO - Waiting in store based barrier to initialize process group for rank: 0, key: store_based_barrier_key:1 (world_size=1, worker_count=4, timeout=0:30:00)
2023-09-24 08:14:51 - INFO - Waiting in store based barrier to initialize process group for rank: 0, key: store_based_barrier_key:1 (world_size=1, worker_count=4, timeout=0:30:00)
2023-09-24 08:14:51 - INFO - Waiting in store based barrier to initialize process group for rank: 0, key: store_based_barrier_key:1 (world_size=1, worker_count=4, timeout=0:30:00)
2023-09-24 08:15:01 - INFO - Waiting in store based barrier to initialize process group for rank: 0, key: store_based_barrier_key:1 (world_size=1, worker_count=4, timeout=0:30:00)
2023-09-24 08:15:01 - INFO - Waiting in store based barrier to initialize process group for rank: 0, key: store_based_barrier_key:1 (world_size=1, worker_count=4, timeout=0:30:00)
2023-09-24 08:15:01 - INFO - Waiting in store based barrier to initialize process group for rank: 0, key: store_based_barrier_key:1 (world_size=1, worker_count=4, timeout=0:30:00)
2023-09-24 08:15:11 - INFO - Waiting in store based barrier to initialize process group for rank: 0, key: store_based_barrier_key:1 (world_size=1, worker_count=4, timeout=0:30:00)
2023-09-24 08:15:11 - INFO - Waiting in store based barrier to initialize process group for rank: 0, key: store_based_barrier_key:1 (world_size=1, worker_count=4, timeout=0:30:00)
2023-09-24 08:15:11 - INFO - Waiting in store based barrier to initialize process group for rank: 0, key: store_based_barrier_key:1 (world_size=1, worker_count=4, timeout=0:30:00)
2023-09-24 08:15:21 - INFO - Waiting in store based barrier to initialize process group for rank: 0, key: store_based_barrier_key:1 (world_size=1, worker_count=4, timeout=0:30:00)
2023-09-24 08:15:21 - INFO - Waiting in store based barrier to initialize process group for rank: 0, key: store_based_barrier_key:1 (world_size=1, worker_count=4, timeout=0:30:00)
2023-09-24 08:15:21 - INFO - Waiting in store based barrier to initialize process group for rank: 0, key: store_based_barrier_key:1 (world_size=1, worker_count=4, timeout=0:30:00)
2023-09-24 08:15:31 - INFO - Waiting in store based barrier to initialize process group for rank: 0, key: store_based_barrier_key:1 (world_size=1, worker_count=4, timeout=0:30:00)
2023-09-24 08:15:31 - INFO - Waiting in store based barrier to initialize process group for rank: 0, key: store_based_barrier_key:1 (world_size=1, worker_count=4, timeout=0:30:00)
2023-09-24 08:15:31 - INFO - Waiting in store based barrier to initialize process group for rank: 0, key: store_based_barrier_key:1 (world_size=1, worker_count=4, timeout=0:30:00)
2023-09-24 08:15:41 - INFO - Waiting in store based barrier to initialize process group for rank: 0, key: store_based_barrier_key:1 (world_size=1, worker_count=4, timeout=0:30:00)
2023-09-24 08:15:41 - INFO - Waiting in store based barrier to initialize process group for rank: 0, key: store_based_barrier_key:1 (world_size=1, worker_count=4, timeout=0:30:00)
2023-09-24 08:15:41 - INFO - Waiting in store based barrier to initialize process group for rank: 0, key: store_based_barrier_key:1 (world_size=1, worker_count=4, timeout=0:30:00)
2023-09-24 08:15:49 - INFO - epoch 0/800, Train loss -2.0786085091724296
2023-09-24 08:15:51 - INFO - Waiting in store based barrier to initialize process group for rank: 0, key: store_based_barrier_key:1 (world_size=1, worker_count=4, timeout=0:30:00)
2023-09-24 08:15:51 - INFO - Waiting in store based barrier to initialize process group for rank: 0, key: store_based_barrier_key:1 (world_size=1, worker_count=4, timeout=0:30:00)
2023-09-24 08:15:51 - INFO - Waiting in store based barrier to initialize process group for rank: 0, key: store_based_barrier_key:1 (world_size=1, worker_count=4, timeout=0:30:00)
2023-09-24 08:16:01 - INFO - Waiting in store based barrier to initialize process group for rank: 0, key: store_based_barrier_key:1 (world_size=1, worker_count=4, timeout=0:30:00)
2023-09-24 08:16:01 - INFO - Waiting in store based barrier to initialize process group for rank: 0, key: store_based_barrier_key:1 (world_size=1, worker_count=4, timeout=0:30:00)
2023-09-24 08:16:01 - INFO - Waiting in store based barrier to initialize process group for rank: 0, key: store_based_barrier_key:1 (world_size=1, worker_count=4, timeout=0:30:00)
2023-09-24 08:16:11 - INFO - Waiting in store based barrier to initialize process group for rank: 0, key: store_based_barrier_key:1 (world_size=1, worker_count=4, timeout=0:30:00)
2023-09-24 08:16:11 - INFO - Waiting in store based barrier to initialize process group for rank: 0, key: store_based_barrier_key:1 (world_size=1, worker_count=4, timeout=0:30:00)
2023-09-24 08:16:11 - INFO - Waiting in store based barrier to initialize process group for rank: 0, key: store_based_barrier_key:1 (world_size=1, worker_count=4, timeout=0:30:00)
2023-09-24 08:16:21 - INFO - Waiting in store based barrier to initialize process group for rank: 0, key: store_based_barrier_key:1 (world_size=1, worker_count=4, timeout=0:30:00)
2023-09-24 08:16:21 - INFO - Waiting in store based barrier to initialize process group for rank: 0, key: store_based_barrier_key:1 (world_size=1, worker_count=4, timeout=0:30:00)
2023-09-24 08:16:21 - INFO - Waiting in store based barrier to initialize process group for rank: 0, key: store_based_barrier_key:1 (world_size=1, worker_count=4, timeout=0:30:00)
2023-09-24 08:16:31 - INFO - Waiting in store based barrier to initialize process group for rank: 0, key: store_based_barrier_key:1 (world_size=1, worker_count=4, timeout=0:30:00)
2023-09-24 08:16:31 - INFO - Waiting in store based barrier to initialize process group for rank: 0, key: store_based_barrier_key:1 (world_size=1, worker_count=4, timeout=0:30:00)
2023-09-24 08:16:31 - INFO - Waiting in store based barrier to initialize process group for rank: 0, key: store_based_barrier_key:1 (world_size=1, worker_count=4, timeout=0:30:00)
2023-09-24 08:16:41 - INFO - Waiting in store based barrier to initialize process group for rank: 0, key: store_based_barrier_key:1 (world_size=1, worker_count=4, timeout=0:30:00)
2023-09-24 08:16:41 - INFO - Waiting in store based barrier to initialize process group for rank: 0, key: store_based_barrier_key:1 (world_size=1, worker_count=4, timeout=0:30:00)
2023-09-24 08:16:41 - INFO - Waiting in store based barrier to initialize process group for rank: 0, key: store_based_barrier_key:1 (world_size=1, worker_count=4, timeout=0:30:00)
2023-09-24 08:16:51 - INFO - Waiting in store based barrier to initialize process group for rank: 0, key: store_based_barrier_key:1 (world_size=1, worker_count=4, timeout=0:30:00)
2023-09-24 08:16:51 - INFO - Waiting in store based barrier to initialize process group for rank: 0, key: store_based_barrier_key:1 (world_size=1, worker_count=4, timeout=0:30:00)
2023-09-24 08:16:51 - INFO - Waiting in store based barrier to initialize process group for rank: 0, key: store_based_barrier_key:1 (world_size=1, worker_count=4, timeout=0:30:00)
2023-09-24 08:17:01 - INFO - Waiting in store based barrier to initialize process group for rank: 0, key: store_based_barrier_key:1 (world_size=1, worker_count=4, timeout=0:30:00)
2023-09-24 08:17:01 - INFO - Waiting in store based barrier to initialize process group for rank: 0, key: store_based_barrier_key:1 (world_size=1, worker_count=4, timeout=0:30:00)
2023-09-24 08:17:02 - INFO - Waiting in store based barrier to initialize process group for rank: 0, key: store_based_barrier_key:1 (world_size=1, worker_count=4, timeout=0:30:00)
2023-09-24 08:17:11 - INFO - Waiting in store based barrier to initialize process group for rank: 0, key: store_based_barrier_key:1 (world_size=1, worker_count=4, timeout=0:30:00)
2023-09-24 08:17:11 - INFO - Waiting in store based barrier to initialize process group for rank: 0, key: store_based_barrier_key:1 (world_size=1, worker_count=4, timeout=0:30:00)
2023-09-24 08:17:12 - INFO - Waiting in store based barrier to initialize process group for rank: 0, key: store_based_barrier_key:1 (world_size=1, worker_count=4, timeout=0:30:00)
2023-09-24 08:17:21 - INFO - Waiting in store based barrier to initialize process group for rank: 0, key: store_based_barrier_key:1 (world_size=1, worker_count=4, timeout=0:30:00)
2023-09-24 08:17:21 - INFO - Waiting in store based barrier to initialize process group for rank: 0, key: store_based_barrier_key:1 (world_size=1, worker_count=4, timeout=0:30:00)
2023-09-24 08:17:22 - INFO - Waiting in store based barrier to initialize process group for rank: 0, key: store_based_barrier_key:1 (world_size=1, worker_count=4, timeout=0:30:00)
2023-09-24 08:17:31 - INFO - Waiting in store based barrier to initialize process group for rank: 0, key: store_based_barrier_key:1 (world_size=1, worker_count=4, timeout=0:30:00)
2023-09-24 08:17:31 - INFO - Waiting in store based barrier to initialize process group for rank: 0, key: store_based_barrier_key:1 (world_size=1, worker_count=4, timeout=0:30:00)
2023-09-24 08:17:32 - INFO - Waiting in store based barrier to initialize process group for rank: 0, key: store_based_barrier_key:1 (world_size=1, worker_count=4, timeout=0:30:00)
2023-09-24 08:17:41 - INFO - Waiting in store based barrier to initialize process group for rank: 0, key: store_based_barrier_key:1 (world_size=1, worker_count=4, timeout=0:30:00)
2023-09-24 08:17:41 - INFO - Waiting in store based barrier to initialize process group for rank: 0, key: store_based_barrier_key:1 (world_size=1, worker_count=4, timeout=0:30:00)
2023-09-24 08:17:42 - INFO - Waiting in store based barrier to initialize process group for rank: 0, key: store_based_barrier_key:1 (world_size=1, worker_count=4, timeout=0:30:00)
2023-09-24 08:17:51 - INFO - Epoch: 0, Val MSELoss: 5.4706, Val HGloss:0.8758, Val MAEloss:1.9391
2023-09-24 08:17:51 - INFO - Val corrs pearson:0.05849542805565157, spearman:0.059593510785906856
2023-09-24 08:17:51 - INFO - Saved the best model as bestmodel_H1microC90_s50_CE_MSE_nobnrs_gelu_0924081208.pt.
2023-09-24 08:17:51 - INFO - Waiting in store based barrier to initialize process group for rank: 0, key: store_based_barrier_key:1 (world_size=1, worker_count=4, timeout=0:30:00)
2023-09-24 08:17:51 - INFO - Waiting in store based barrier to initialize process group for rank: 0, key: store_based_barrier_key:1 (world_size=1, worker_count=4, timeout=0:30:00)
2023-09-24 08:17:52 - INFO - Waiting in store based barrier to initialize process group for rank: 0, key: store_based_barrier_key:1 (world_size=1, worker_count=4, timeout=0:30:00)
2023-09-24 08:18:01 - INFO - Waiting in store based barrier to initialize process group for rank: 0, key: store_based_barrier_key:1 (world_size=1, worker_count=4, timeout=0:30:00)
2023-09-24 08:18:01 - INFO - Waiting in store based barrier to initialize process group for rank: 0, key: store_based_barrier_key:1 (world_size=1, worker_count=4, timeout=0:30:00)
2023-09-24 08:18:02 - INFO - Waiting in store based barrier to initialize process group for rank: 0, key: store_based_barrier_key:1 (world_size=1, worker_count=4, timeout=0:30:00)
2023-09-24 08:18:11 - INFO - Waiting in store based barrier to initialize process group for rank: 0, key: store_based_barrier_key:1 (world_size=1, worker_count=4, timeout=0:30:00)
2023-09-24 08:18:11 - INFO - Waiting in store based barrier to initialize process group for rank: 0, key: store_based_barrier_key:1 (world_size=1, worker_count=4, timeout=0:30:00)
2023-09-24 08:18:12 - INFO - Waiting in store based barrier to initialize process group for rank: 0, key: store_based_barrier_key:1 (world_size=1, worker_count=4, timeout=0:30:00)
2023-09-24 08:18:21 - INFO - Waiting in store based barrier to initialize process group for rank: 0, key: store_based_barrier_key:1 (world_size=1, worker_count=4, timeout=0:30:00)
2023-09-24 08:18:21 - INFO - Waiting in store based barrier to initialize process group for rank: 0, key: store_based_barrier_key:1 (world_size=1, worker_count=4, timeout=0:30:00)
2023-09-24 08:18:22 - INFO - Waiting in store based barrier to initialize process group for rank: 0, key: store_based_barrier_key:1 (world_size=1, worker_count=4, timeout=0:30:00)
2023-09-24 08:18:31 - INFO - Waiting in store based barrier to initialize process group for rank: 0, key: store_based_barrier_key:1 (world_size=1, worker_count=4, timeout=0:30:00)
2023-09-24 08:18:31 - INFO - Waiting in store based barrier to initialize process group for rank: 0, key: store_based_barrier_key:1 (world_size=1, worker_count=4, timeout=0:30:00)
2023-09-24 08:18:32 - INFO - Waiting in store based barrier to initialize process group for rank: 0, key: store_based_barrier_key:1 (world_size=1, worker_count=4, timeout=0:30:00)
2023-09-24 08:18:41 - INFO - Waiting in store based barrier to initialize process group for rank: 0, key: store_based_barrier_key:1 (world_size=1, worker_count=4, timeout=0:30:00)
2023-09-24 08:18:41 - INFO - Waiting in store based barrier to initialize process group for rank: 0, key: store_based_barrier_key:1 (world_size=1, worker_count=4, timeout=0:30:00)
2023-09-24 08:18:42 - INFO - Waiting in store based barrier to initialize process group for rank: 0, key: store_based_barrier_key:1 (world_size=1, worker_count=4, timeout=0:30:00)
2023-09-24 08:18:51 - INFO - Waiting in store based barrier to initialize process group for rank: 0, key: store_based_barrier_key:1 (world_size=1, worker_count=4, timeout=0:30:00)
2023-09-24 08:18:51 - INFO - Waiting in store based barrier to initialize process group for rank: 0, key: store_based_barrier_key:1 (world_size=1, worker_count=4, timeout=0:30:00)
2023-09-24 08:18:52 - INFO - Waiting in store based barrier to initialize process group for rank: 0, key: store_based_barrier_key:1 (world_size=1, worker_count=4, timeout=0:30:00)
2023-09-24 08:19:01 - INFO - Waiting in store based barrier to initialize process group for rank: 0, key: store_based_barrier_key:1 (world_size=1, worker_count=4, timeout=0:30:00)
2023-09-24 08:19:01 - INFO - Waiting in store based barrier to initialize process group for rank: 0, key: store_based_barrier_key:1 (world_size=1, worker_count=4, timeout=0:30:00)
2023-09-24 08:19:02 - INFO - Waiting in store based barrier to initialize process group for rank: 0, key: store_based_barrier_key:1 (world_size=1, worker_count=4, timeout=0:30:00)
2023-09-24 08:19:11 - INFO - Waiting in store based barrier to initialize process group for rank: 0, key: store_based_barrier_key:1 (world_size=1, worker_count=4, timeout=0:30:00)
2023-09-24 08:19:11 - INFO - Waiting in store based barrier to initialize process group for rank: 0, key: store_based_barrier_key:1 (world_size=1, worker_count=4, timeout=0:30:00)
2023-09-24 08:19:12 - INFO - Waiting in store based barrier to initialize process group for rank: 0, key: store_based_barrier_key:1 (world_size=1, worker_count=4, timeout=0:30:00)
2023-09-24 08:19:21 - INFO - Waiting in store based barrier to initialize process group for rank: 0, key: store_based_barrier_key:1 (world_size=1, worker_count=4, timeout=0:30:00)
2023-09-24 08:19:21 - INFO - Waiting in store based barrier to initialize process group for rank: 0, key: store_based_barrier_key:1 (world_size=1, worker_count=4, timeout=0:30:00)
2023-09-24 08:19:22 - INFO - Waiting in store based barrier to initialize process group for rank: 0, key: store_based_barrier_key:1 (world_size=1, worker_count=4, timeout=0:30:00)
2023-09-24 08:19:31 - INFO - Waiting in store based barrier to initialize process group for rank: 0, key: store_based_barrier_key:1 (world_size=1, worker_count=4, timeout=0:30:00)
2023-09-24 08:19:31 - INFO - Waiting in store based barrier to initialize process group for rank: 0, key: store_based_barrier_key:1 (world_size=1, worker_count=4, timeout=0:30:00)
2023-09-24 08:19:32 - INFO - Waiting in store based barrier to initialize process group for rank: 0, key: store_based_barrier_key:1 (world_size=1, worker_count=4, timeout=0:30:00)
2023-09-24 08:19:41 - INFO - Waiting in store based barrier to initialize process group for rank: 0, key: store_based_barrier_key:1 (world_size=1, worker_count=4, timeout=0:30:00)
2023-09-24 08:19:41 - INFO - Waiting in store based barrier to initialize process group for rank: 0, key: store_based_barrier_key:1 (world_size=1, worker_count=4, timeout=0:30:00)
2023-09-24 08:19:42 - INFO - Waiting in store based barrier to initialize process group for rank: 0, key: store_based_barrier_key:1 (world_size=1, worker_count=4, timeout=0:30:00)
2023-09-24 08:19:51 - INFO - Waiting in store based barrier to initialize process group for rank: 0, key: store_based_barrier_key:1 (world_size=1, worker_count=4, timeout=0:30:00)
2023-09-24 08:19:51 - INFO - Waiting in store based barrier to initialize process group for rank: 0, key: store_based_barrier_key:1 (world_size=1, worker_count=4, timeout=0:30:00)
2023-09-24 08:19:52 - INFO - Waiting in store based barrier to initialize process group for rank: 0, key: store_based_barrier_key:1 (world_size=1, worker_count=4, timeout=0:30:00)
2023-09-24 08:20:01 - INFO - Waiting in store based barrier to initialize process group for rank: 0, key: store_based_barrier_key:1 (world_size=1, worker_count=4, timeout=0:30:00)
2023-09-24 08:20:01 - INFO - Waiting in store based barrier to initialize process group for rank: 0, key: store_based_barrier_key:1 (world_size=1, worker_count=4, timeout=0:30:00)
2023-09-24 08:20:02 - INFO - Waiting in store based barrier to initialize process group for rank: 0, key: store_based_barrier_key:1 (world_size=1, worker_count=4, timeout=0:30:00)
2023-09-24 08:20:11 - INFO - Waiting in store based barrier to initialize process group for rank: 0, key: store_based_barrier_key:1 (world_size=1, worker_count=4, timeout=0:30:00)
2023-09-24 08:20:12 - INFO - Waiting in store based barrier to initialize process group for rank: 0, key: store_based_barrier_key:1 (world_size=1, worker_count=4, timeout=0:30:00)
2023-09-24 08:20:12 - INFO - Waiting in store based barrier to initialize process group for rank: 0, key: store_based_barrier_key:1 (world_size=1, worker_count=4, timeout=0:30:00)
2023-09-24 08:20:21 - INFO - Waiting in store based barrier to initialize process group for rank: 0, key: store_based_barrier_key:1 (world_size=1, worker_count=4, timeout=0:30:00)
2023-09-24 08:20:22 - INFO - Waiting in store based barrier to initialize process group for rank: 0, key: store_based_barrier_key:1 (world_size=1, worker_count=4, timeout=0:30:00)
2023-09-24 08:20:22 - INFO - Waiting in store based barrier to initialize process group for rank: 0, key: store_based_barrier_key:1 (world_size=1, worker_count=4, timeout=0:30:00)
2023-09-24 08:20:31 - INFO - Waiting in store based barrier to initialize process group for rank: 0, key: store_based_barrier_key:1 (world_size=1, worker_count=4, timeout=0:30:00)
2023-09-24 08:20:32 - INFO - Waiting in store based barrier to initialize process group for rank: 0, key: store_based_barrier_key:1 (world_size=1, worker_count=4, timeout=0:30:00)
2023-09-24 08:20:32 - INFO - Waiting in store based barrier to initialize process group for rank: 0, key: store_based_barrier_key:1 (world_size=1, worker_count=4, timeout=0:30:00)
2023-09-24 08:20:41 - INFO - Waiting in store based barrier to initialize process group for rank: 0, key: store_based_barrier_key:1 (world_size=1, worker_count=4, timeout=0:30:00)
2023-09-24 08:20:42 - INFO - Waiting in store based barrier to initialize process group for rank: 0, key: store_based_barrier_key:1 (world_size=1, worker_count=4, timeout=0:30:00)
2023-09-24 08:20:42 - INFO - Waiting in store based barrier to initialize process group for rank: 0, key: store_based_barrier_key:1 (world_size=1, worker_count=4, timeout=0:30:00)
2023-09-24 08:20:51 - INFO - Waiting in store based barrier to initialize process group for rank: 0, key: store_based_barrier_key:1 (world_size=1, worker_count=4, timeout=0:30:00)
2023-09-24 08:20:52 - INFO - Waiting in store based barrier to initialize process group for rank: 0, key: store_based_barrier_key:1 (world_size=1, worker_count=4, timeout=0:30:00)
2023-09-24 08:20:52 - INFO - Waiting in store based barrier to initialize process group for rank: 0, key: store_based_barrier_key:1 (world_size=1, worker_count=4, timeout=0:30:00)
2023-09-24 08:21:01 - INFO - Waiting in store based barrier to initialize process group for rank: 0, key: store_based_barrier_key:1 (world_size=1, worker_count=4, timeout=0:30:00)
2023-09-24 08:21:02 - INFO - Waiting in store based barrier to initialize process group for rank: 0, key: store_based_barrier_key:1 (world_size=1, worker_count=4, timeout=0:30:00)
2023-09-24 08:21:02 - INFO - Waiting in store based barrier to initialize process group for rank: 0, key: store_based_barrier_key:1 (world_size=1, worker_count=4, timeout=0:30:00)
2023-09-24 08:21:11 - INFO - Waiting in store based barrier to initialize process group for rank: 0, key: store_based_barrier_key:1 (world_size=1, worker_count=4, timeout=0:30:00)
2023-09-24 08:21:12 - INFO - Waiting in store based barrier to initialize process group for rank: 0, key: store_based_barrier_key:1 (world_size=1, worker_count=4, timeout=0:30:00)
2023-09-24 08:21:12 - INFO - Waiting in store based barrier to initialize process group for rank: 0, key: store_based_barrier_key:1 (world_size=1, worker_count=4, timeout=0:30:00)
2023-09-24 08:21:21 - INFO - Waiting in store based barrier to initialize process group for rank: 0, key: store_based_barrier_key:1 (world_size=1, worker_count=4, timeout=0:30:00)
2023-09-24 08:21:22 - INFO - Waiting in store based barrier to initialize process group for rank: 0, key: store_based_barrier_key:1 (world_size=1, worker_count=4, timeout=0:30:00)
2023-09-24 08:21:22 - INFO - Waiting in store based barrier to initialize process group for rank: 0, key: store_based_barrier_key:1 (world_size=1, worker_count=4, timeout=0:30:00)
2023-09-24 08:21:27 - INFO - epoch 1/800, Train loss -6.31988224464377
2023-09-24 08:21:31 - INFO - Waiting in store based barrier to initialize process group for rank: 0, key: store_based_barrier_key:1 (world_size=1, worker_count=4, timeout=0:30:00)
2023-09-24 08:21:32 - INFO - Waiting in store based barrier to initialize process group for rank: 0, key: store_based_barrier_key:1 (world_size=1, worker_count=4, timeout=0:30:00)
2023-09-24 08:21:32 - INFO - Waiting in store based barrier to initialize process group for rank: 0, key: store_based_barrier_key:1 (world_size=1, worker_count=4, timeout=0:30:00)
2023-09-24 08:21:41 - INFO - Waiting in store based barrier to initialize process group for rank: 0, key: store_based_barrier_key:1 (world_size=1, worker_count=4, timeout=0:30:00)
2023-09-24 08:21:42 - INFO - Waiting in store based barrier to initialize process group for rank: 0, key: store_based_barrier_key:1 (world_size=1, worker_count=4, timeout=0:30:00)
2023-09-24 08:21:42 - INFO - Waiting in store based barrier to initialize process group for rank: 0, key: store_based_barrier_key:1 (world_size=1, worker_count=4, timeout=0:30:00)
2023-09-24 08:21:51 - INFO - Waiting in store based barrier to initialize process group for rank: 0, key: store_based_barrier_key:1 (world_size=1, worker_count=4, timeout=0:30:00)
2023-09-24 08:21:52 - INFO - Waiting in store based barrier to initialize process group for rank: 0, key: store_based_barrier_key:1 (world_size=1, worker_count=4, timeout=0:30:00)
2023-09-24 08:21:52 - INFO - Waiting in store based barrier to initialize process group for rank: 0, key: store_based_barrier_key:1 (world_size=1, worker_count=4, timeout=0:30:00)
2023-09-24 08:22:01 - INFO - Waiting in store based barrier to initialize process group for rank: 0, key: store_based_barrier_key:1 (world_size=1, worker_count=4, timeout=0:30:00)
2023-09-24 08:22:02 - INFO - Waiting in store based barrier to initialize process group for rank: 0, key: store_based_barrier_key:1 (world_size=1, worker_count=4, timeout=0:30:00)
2023-09-24 08:22:02 - INFO - Waiting in store based barrier to initialize process group for rank: 0, key: store_based_barrier_key:1 (world_size=1, worker_count=4, timeout=0:30:00)
2023-09-24 08:22:11 - INFO - Waiting in store based barrier to initialize process group for rank: 0, key: store_based_barrier_key:1 (world_size=1, worker_count=4, timeout=0:30:00)
2023-09-24 08:22:12 - INFO - Waiting in store based barrier to initialize process group for rank: 0, key: store_based_barrier_key:1 (world_size=1, worker_count=4, timeout=0:30:00)
2023-09-24 08:22:12 - INFO - Waiting in store based barrier to initialize process group for rank: 0, key: store_based_barrier_key:1 (world_size=1, worker_count=4, timeout=0:30:00)
2023-09-24 08:22:21 - INFO - Waiting in store based barrier to initialize process group for rank: 0, key: store_based_barrier_key:1 (world_size=1, worker_count=4, timeout=0:30:00)
2023-09-24 08:22:22 - INFO - Waiting in store based barrier to initialize process group for rank: 0, key: store_based_barrier_key:1 (world_size=1, worker_count=4, timeout=0:30:00)
2023-09-24 08:22:22 - INFO - Waiting in store based barrier to initialize process group for rank: 0, key: store_based_barrier_key:1 (world_size=1, worker_count=4, timeout=0:30:00)
2023-09-24 08:22:31 - INFO - Waiting in store based barrier to initialize process group for rank: 0, key: store_based_barrier_key:1 (world_size=1, worker_count=4, timeout=0:30:00)
2023-09-24 08:22:32 - INFO - Waiting in store based barrier to initialize process group for rank: 0, key: store_based_barrier_key:1 (world_size=1, worker_count=4, timeout=0:30:00)
2023-09-24 08:22:32 - INFO - Waiting in store based barrier to initialize process group for rank: 0, key: store_based_barrier_key:1 (world_size=1, worker_count=4, timeout=0:30:00)
2023-09-24 08:22:41 - INFO - Waiting in store based barrier to initialize process group for rank: 0, key: store_based_barrier_key:1 (world_size=1, worker_count=4, timeout=0:30:00)
2023-09-24 08:22:42 - INFO - Waiting in store based barrier to initialize process group for rank: 0, key: store_based_barrier_key:1 (world_size=1, worker_count=4, timeout=0:30:00)
2023-09-24 08:22:42 - INFO - Waiting in store based barrier to initialize process group for rank: 0, key: store_based_barrier_key:1 (world_size=1, worker_count=4, timeout=0:30:00)
2023-09-24 08:22:51 - INFO - Waiting in store based barrier to initialize process group for rank: 0, key: store_based_barrier_key:1 (world_size=1, worker_count=4, timeout=0:30:00)
2023-09-24 08:22:52 - INFO - Waiting in store based barrier to initialize process group for rank: 0, key: store_based_barrier_key:1 (world_size=1, worker_count=4, timeout=0:30:00)
2023-09-24 08:22:52 - INFO - Waiting in store based barrier to initialize process group for rank: 0, key: store_based_barrier_key:1 (world_size=1, worker_count=4, timeout=0:30:00)
2023-09-24 08:23:01 - INFO - Waiting in store based barrier to initialize process group for rank: 0, key: store_based_barrier_key:1 (world_size=1, worker_count=4, timeout=0:30:00)
2023-09-24 08:23:02 - INFO - Waiting in store based barrier to initialize process group for rank: 0, key: store_based_barrier_key:1 (world_size=1, worker_count=4, timeout=0:30:00)
2023-09-24 08:23:02 - INFO - Waiting in store based barrier to initialize process group for rank: 0, key: store_based_barrier_key:1 (world_size=1, worker_count=4, timeout=0:30:00)
2023-09-24 08:23:11 - INFO - Waiting in store based barrier to initialize process group for rank: 0, key: store_based_barrier_key:1 (world_size=1, worker_count=4, timeout=0:30:00)
2023-09-24 08:23:12 - INFO - Waiting in store based barrier to initialize process group for rank: 0, key: store_based_barrier_key:1 (world_size=1, worker_count=4, timeout=0:30:00)
2023-09-24 08:23:12 - INFO - Waiting in store based barrier to initialize process group for rank: 0, key: store_based_barrier_key:1 (world_size=1, worker_count=4, timeout=0:30:00)
2023-09-24 08:23:21 - INFO - Waiting in store based barrier to initialize process group for rank: 0, key: store_based_barrier_key:1 (world_size=1, worker_count=4, timeout=0:30:00)
2023-09-24 08:23:22 - INFO - Waiting in store based barrier to initialize process group for rank: 0, key: store_based_barrier_key:1 (world_size=1, worker_count=4, timeout=0:30:00)
2023-09-24 08:23:22 - INFO - Waiting in store based barrier to initialize process group for rank: 0, key: store_based_barrier_key:1 (world_size=1, worker_count=4, timeout=0:30:00)
2023-09-24 08:23:31 - INFO - Waiting in store based barrier to initialize process group for rank: 0, key: store_based_barrier_key:1 (world_size=1, worker_count=4, timeout=0:30:00)
2023-09-24 08:23:32 - INFO - Waiting in store based barrier to initialize process group for rank: 0, key: store_based_barrier_key:1 (world_size=1, worker_count=4, timeout=0:30:00)
2023-09-24 08:23:32 - INFO - Waiting in store based barrier to initialize process group for rank: 0, key: store_based_barrier_key:1 (world_size=1, worker_count=4, timeout=0:30:00)
2023-09-24 08:23:42 - INFO - Waiting in store based barrier to initialize process group for rank: 0, key: store_based_barrier_key:1 (world_size=1, worker_count=4, timeout=0:30:00)
2023-09-24 08:23:42 - INFO - Waiting in store based barrier to initialize process group for rank: 0, key: store_based_barrier_key:1 (world_size=1, worker_count=4, timeout=0:30:00)
2023-09-24 08:23:42 - INFO - Waiting in store based barrier to initialize process group for rank: 0, key: store_based_barrier_key:1 (world_size=1, worker_count=4, timeout=0:30:00)
