2023-09-24 05:57:32 - INFO - Added key: store_based_barrier_key:1 to store for rank: 0
2023-09-24 05:57:32 - INFO - Rank 0: Completed store-based barrier for key:store_based_barrier_key:1 with 1 nodes.
2023-09-24 05:57:32 - INFO - Added key: store_based_barrier_key:1 to store for rank: 0
2023-09-24 05:57:32 - INFO - Added key: store_based_barrier_key:1 to store for rank: 0
2023-09-24 05:57:32 - INFO - Added key: store_based_barrier_key:1 to store for rank: 0
2023-09-24 05:57:42 - INFO - Waiting in store based barrier to initialize process group for rank: 0, key: store_based_barrier_key:1 (world_size=1, worker_count=4, timeout=0:30:00)
2023-09-24 05:57:42 - INFO - Waiting in store based barrier to initialize process group for rank: 0, key: store_based_barrier_key:1 (world_size=1, worker_count=4, timeout=0:30:00)
2023-09-24 05:57:42 - INFO - Waiting in store based barrier to initialize process group for rank: 0, key: store_based_barrier_key:1 (world_size=1, worker_count=4, timeout=0:30:00)
2023-09-24 05:57:52 - INFO - Waiting in store based barrier to initialize process group for rank: 0, key: store_based_barrier_key:1 (world_size=1, worker_count=4, timeout=0:30:00)
2023-09-24 05:57:52 - INFO - Waiting in store based barrier to initialize process group for rank: 0, key: store_based_barrier_key:1 (world_size=1, worker_count=4, timeout=0:30:00)
2023-09-24 05:57:52 - INFO - Waiting in store based barrier to initialize process group for rank: 0, key: store_based_barrier_key:1 (world_size=1, worker_count=4, timeout=0:30:00)
2023-09-24 05:58:02 - INFO - Waiting in store based barrier to initialize process group for rank: 0, key: store_based_barrier_key:1 (world_size=1, worker_count=4, timeout=0:30:00)
2023-09-24 05:58:02 - INFO - Waiting in store based barrier to initialize process group for rank: 0, key: store_based_barrier_key:1 (world_size=1, worker_count=4, timeout=0:30:00)
2023-09-24 05:58:02 - INFO - Waiting in store based barrier to initialize process group for rank: 0, key: store_based_barrier_key:1 (world_size=1, worker_count=4, timeout=0:30:00)
2023-09-24 05:58:12 - INFO - Waiting in store based barrier to initialize process group for rank: 0, key: store_based_barrier_key:1 (world_size=1, worker_count=4, timeout=0:30:00)
2023-09-24 05:58:12 - INFO - Waiting in store based barrier to initialize process group for rank: 0, key: store_based_barrier_key:1 (world_size=1, worker_count=4, timeout=0:30:00)
2023-09-24 05:58:12 - INFO - Waiting in store based barrier to initialize process group for rank: 0, key: store_based_barrier_key:1 (world_size=1, worker_count=4, timeout=0:30:00)
2023-09-24 05:58:22 - INFO - Waiting in store based barrier to initialize process group for rank: 0, key: store_based_barrier_key:1 (world_size=1, worker_count=4, timeout=0:30:00)
2023-09-24 05:58:22 - INFO - Waiting in store based barrier to initialize process group for rank: 0, key: store_based_barrier_key:1 (world_size=1, worker_count=4, timeout=0:30:00)
2023-09-24 05:58:22 - INFO - Waiting in store based barrier to initialize process group for rank: 0, key: store_based_barrier_key:1 (world_size=1, worker_count=4, timeout=0:30:00)
2023-09-24 05:58:32 - INFO - Waiting in store based barrier to initialize process group for rank: 0, key: store_based_barrier_key:1 (world_size=1, worker_count=4, timeout=0:30:00)
2023-09-24 05:58:32 - INFO - Waiting in store based barrier to initialize process group for rank: 0, key: store_based_barrier_key:1 (world_size=1, worker_count=4, timeout=0:30:00)
2023-09-24 05:58:32 - INFO - Waiting in store based barrier to initialize process group for rank: 0, key: store_based_barrier_key:1 (world_size=1, worker_count=4, timeout=0:30:00)
2023-09-24 05:58:42 - INFO - Waiting in store based barrier to initialize process group for rank: 0, key: store_based_barrier_key:1 (world_size=1, worker_count=4, timeout=0:30:00)
2023-09-24 05:58:42 - INFO - Waiting in store based barrier to initialize process group for rank: 0, key: store_based_barrier_key:1 (world_size=1, worker_count=4, timeout=0:30:00)
2023-09-24 05:58:42 - INFO - Waiting in store based barrier to initialize process group for rank: 0, key: store_based_barrier_key:1 (world_size=1, worker_count=4, timeout=0:30:00)
2023-09-24 05:58:52 - INFO - Waiting in store based barrier to initialize process group for rank: 0, key: store_based_barrier_key:1 (world_size=1, worker_count=4, timeout=0:30:00)
2023-09-24 05:58:52 - INFO - Waiting in store based barrier to initialize process group for rank: 0, key: store_based_barrier_key:1 (world_size=1, worker_count=4, timeout=0:30:00)
2023-09-24 05:58:52 - INFO - Waiting in store based barrier to initialize process group for rank: 0, key: store_based_barrier_key:1 (world_size=1, worker_count=4, timeout=0:30:00)
2023-09-24 05:59:02 - INFO - Waiting in store based barrier to initialize process group for rank: 0, key: store_based_barrier_key:1 (world_size=1, worker_count=4, timeout=0:30:00)
2023-09-24 05:59:02 - INFO - Waiting in store based barrier to initialize process group for rank: 0, key: store_based_barrier_key:1 (world_size=1, worker_count=4, timeout=0:30:00)
2023-09-24 05:59:02 - INFO - Waiting in store based barrier to initialize process group for rank: 0, key: store_based_barrier_key:1 (world_size=1, worker_count=4, timeout=0:30:00)
2023-09-24 05:59:12 - INFO - Waiting in store based barrier to initialize process group for rank: 0, key: store_based_barrier_key:1 (world_size=1, worker_count=4, timeout=0:30:00)
2023-09-24 05:59:12 - INFO - Waiting in store based barrier to initialize process group for rank: 0, key: store_based_barrier_key:1 (world_size=1, worker_count=4, timeout=0:30:00)
2023-09-24 05:59:12 - INFO - Waiting in store based barrier to initialize process group for rank: 0, key: store_based_barrier_key:1 (world_size=1, worker_count=4, timeout=0:30:00)
2023-09-24 05:59:22 - INFO - Waiting in store based barrier to initialize process group for rank: 0, key: store_based_barrier_key:1 (world_size=1, worker_count=4, timeout=0:30:00)
2023-09-24 05:59:22 - INFO - Waiting in store based barrier to initialize process group for rank: 0, key: store_based_barrier_key:1 (world_size=1, worker_count=4, timeout=0:30:00)
2023-09-24 05:59:22 - INFO - Waiting in store based barrier to initialize process group for rank: 0, key: store_based_barrier_key:1 (world_size=1, worker_count=4, timeout=0:30:00)
2023-09-24 05:59:32 - INFO - Waiting in store based barrier to initialize process group for rank: 0, key: store_based_barrier_key:1 (world_size=1, worker_count=4, timeout=0:30:00)
2023-09-24 05:59:32 - INFO - Waiting in store based barrier to initialize process group for rank: 0, key: store_based_barrier_key:1 (world_size=1, worker_count=4, timeout=0:30:00)
2023-09-24 05:59:32 - INFO - Waiting in store based barrier to initialize process group for rank: 0, key: store_based_barrier_key:1 (world_size=1, worker_count=4, timeout=0:30:00)
2023-09-24 05:59:42 - INFO - Waiting in store based barrier to initialize process group for rank: 0, key: store_based_barrier_key:1 (world_size=1, worker_count=4, timeout=0:30:00)
2023-09-24 05:59:42 - INFO - Waiting in store based barrier to initialize process group for rank: 0, key: store_based_barrier_key:1 (world_size=1, worker_count=4, timeout=0:30:00)
2023-09-24 05:59:42 - INFO - Waiting in store based barrier to initialize process group for rank: 0, key: store_based_barrier_key:1 (world_size=1, worker_count=4, timeout=0:30:00)
2023-09-24 05:59:52 - INFO - Waiting in store based barrier to initialize process group for rank: 0, key: store_based_barrier_key:1 (world_size=1, worker_count=4, timeout=0:30:00)
2023-09-24 05:59:52 - INFO - Waiting in store based barrier to initialize process group for rank: 0, key: store_based_barrier_key:1 (world_size=1, worker_count=4, timeout=0:30:00)
2023-09-24 05:59:52 - INFO - Waiting in store based barrier to initialize process group for rank: 0, key: store_based_barrier_key:1 (world_size=1, worker_count=4, timeout=0:30:00)
2023-09-24 06:00:00 - INFO - epoch 0/800, Train loss 2.774674534180004
2023-09-24 06:00:02 - INFO - Waiting in store based barrier to initialize process group for rank: 0, key: store_based_barrier_key:1 (world_size=1, worker_count=4, timeout=0:30:00)
2023-09-24 06:00:02 - INFO - Waiting in store based barrier to initialize process group for rank: 0, key: store_based_barrier_key:1 (world_size=1, worker_count=4, timeout=0:30:00)
2023-09-24 06:00:02 - INFO - Waiting in store based barrier to initialize process group for rank: 0, key: store_based_barrier_key:1 (world_size=1, worker_count=4, timeout=0:30:00)
2023-09-24 06:00:12 - INFO - Waiting in store based barrier to initialize process group for rank: 0, key: store_based_barrier_key:1 (world_size=1, worker_count=4, timeout=0:30:00)
2023-09-24 06:00:12 - INFO - Waiting in store based barrier to initialize process group for rank: 0, key: store_based_barrier_key:1 (world_size=1, worker_count=4, timeout=0:30:00)
2023-09-24 06:00:12 - INFO - Waiting in store based barrier to initialize process group for rank: 0, key: store_based_barrier_key:1 (world_size=1, worker_count=4, timeout=0:30:00)
2023-09-24 06:00:22 - INFO - Waiting in store based barrier to initialize process group for rank: 0, key: store_based_barrier_key:1 (world_size=1, worker_count=4, timeout=0:30:00)
2023-09-24 06:00:22 - INFO - Waiting in store based barrier to initialize process group for rank: 0, key: store_based_barrier_key:1 (world_size=1, worker_count=4, timeout=0:30:00)
2023-09-24 06:00:22 - INFO - Waiting in store based barrier to initialize process group for rank: 0, key: store_based_barrier_key:1 (world_size=1, worker_count=4, timeout=0:30:00)
2023-09-24 06:00:32 - INFO - Waiting in store based barrier to initialize process group for rank: 0, key: store_based_barrier_key:1 (world_size=1, worker_count=4, timeout=0:30:00)
2023-09-24 06:00:32 - INFO - Waiting in store based barrier to initialize process group for rank: 0, key: store_based_barrier_key:1 (world_size=1, worker_count=4, timeout=0:30:00)
2023-09-24 06:00:32 - INFO - Waiting in store based barrier to initialize process group for rank: 0, key: store_based_barrier_key:1 (world_size=1, worker_count=4, timeout=0:30:00)
2023-09-24 06:00:42 - INFO - Waiting in store based barrier to initialize process group for rank: 0, key: store_based_barrier_key:1 (world_size=1, worker_count=4, timeout=0:30:00)
2023-09-24 06:00:42 - INFO - Waiting in store based barrier to initialize process group for rank: 0, key: store_based_barrier_key:1 (world_size=1, worker_count=4, timeout=0:30:00)
2023-09-24 06:00:42 - INFO - Waiting in store based barrier to initialize process group for rank: 0, key: store_based_barrier_key:1 (world_size=1, worker_count=4, timeout=0:30:00)
2023-09-24 06:00:52 - INFO - Waiting in store based barrier to initialize process group for rank: 0, key: store_based_barrier_key:1 (world_size=1, worker_count=4, timeout=0:30:00)
2023-09-24 06:00:52 - INFO - Waiting in store based barrier to initialize process group for rank: 0, key: store_based_barrier_key:1 (world_size=1, worker_count=4, timeout=0:30:00)
2023-09-24 06:00:52 - INFO - Waiting in store based barrier to initialize process group for rank: 0, key: store_based_barrier_key:1 (world_size=1, worker_count=4, timeout=0:30:00)
2023-09-24 06:01:02 - INFO - Waiting in store based barrier to initialize process group for rank: 0, key: store_based_barrier_key:1 (world_size=1, worker_count=4, timeout=0:30:00)
2023-09-24 06:01:02 - INFO - Waiting in store based barrier to initialize process group for rank: 0, key: store_based_barrier_key:1 (world_size=1, worker_count=4, timeout=0:30:00)
2023-09-24 06:01:02 - INFO - Waiting in store based barrier to initialize process group for rank: 0, key: store_based_barrier_key:1 (world_size=1, worker_count=4, timeout=0:30:00)
2023-09-24 06:01:12 - INFO - Waiting in store based barrier to initialize process group for rank: 0, key: store_based_barrier_key:1 (world_size=1, worker_count=4, timeout=0:30:00)
2023-09-24 06:01:12 - INFO - Waiting in store based barrier to initialize process group for rank: 0, key: store_based_barrier_key:1 (world_size=1, worker_count=4, timeout=0:30:00)
2023-09-24 06:01:12 - INFO - Waiting in store based barrier to initialize process group for rank: 0, key: store_based_barrier_key:1 (world_size=1, worker_count=4, timeout=0:30:00)
2023-09-24 06:01:22 - INFO - Waiting in store based barrier to initialize process group for rank: 0, key: store_based_barrier_key:1 (world_size=1, worker_count=4, timeout=0:30:00)
2023-09-24 06:01:22 - INFO - Waiting in store based barrier to initialize process group for rank: 0, key: store_based_barrier_key:1 (world_size=1, worker_count=4, timeout=0:30:00)
2023-09-24 06:01:22 - INFO - Waiting in store based barrier to initialize process group for rank: 0, key: store_based_barrier_key:1 (world_size=1, worker_count=4, timeout=0:30:00)
2023-09-24 06:01:32 - INFO - Waiting in store based barrier to initialize process group for rank: 0, key: store_based_barrier_key:1 (world_size=1, worker_count=4, timeout=0:30:00)
2023-09-24 06:01:32 - INFO - Waiting in store based barrier to initialize process group for rank: 0, key: store_based_barrier_key:1 (world_size=1, worker_count=4, timeout=0:30:00)
2023-09-24 06:01:32 - INFO - Waiting in store based barrier to initialize process group for rank: 0, key: store_based_barrier_key:1 (world_size=1, worker_count=4, timeout=0:30:00)
2023-09-24 06:01:42 - INFO - Waiting in store based barrier to initialize process group for rank: 0, key: store_based_barrier_key:1 (world_size=1, worker_count=4, timeout=0:30:00)
2023-09-24 06:01:42 - INFO - Waiting in store based barrier to initialize process group for rank: 0, key: store_based_barrier_key:1 (world_size=1, worker_count=4, timeout=0:30:00)
2023-09-24 06:01:42 - INFO - Waiting in store based barrier to initialize process group for rank: 0, key: store_based_barrier_key:1 (world_size=1, worker_count=4, timeout=0:30:00)
2023-09-24 06:01:52 - INFO - Waiting in store based barrier to initialize process group for rank: 0, key: store_based_barrier_key:1 (world_size=1, worker_count=4, timeout=0:30:00)
2023-09-24 06:01:52 - INFO - Waiting in store based barrier to initialize process group for rank: 0, key: store_based_barrier_key:1 (world_size=1, worker_count=4, timeout=0:30:00)
2023-09-24 06:01:52 - INFO - Waiting in store based barrier to initialize process group for rank: 0, key: store_based_barrier_key:1 (world_size=1, worker_count=4, timeout=0:30:00)
2023-09-24 06:01:54 - INFO - Epoch: 0, Val MSELoss: 13.1147, Val HGloss:0.6076, Val MAEloss:3.1414
2023-09-24 06:01:54 - INFO - Val corrs pearson:0.01603322206055823, spearman:-0.0006450650545276936
2023-09-24 06:01:54 - INFO - Saved the best model as bestmodel_H1microC90_s50_CE_MSE_nobnrs_gelu_0924055729.pt.
2023-09-24 06:02:02 - INFO - Waiting in store based barrier to initialize process group for rank: 0, key: store_based_barrier_key:1 (world_size=1, worker_count=4, timeout=0:30:00)
2023-09-24 06:02:02 - INFO - Waiting in store based barrier to initialize process group for rank: 0, key: store_based_barrier_key:1 (world_size=1, worker_count=4, timeout=0:30:00)
2023-09-24 06:02:02 - INFO - Waiting in store based barrier to initialize process group for rank: 0, key: store_based_barrier_key:1 (world_size=1, worker_count=4, timeout=0:30:00)
2023-09-24 06:02:12 - INFO - Waiting in store based barrier to initialize process group for rank: 0, key: store_based_barrier_key:1 (world_size=1, worker_count=4, timeout=0:30:00)
2023-09-24 06:02:12 - INFO - Waiting in store based barrier to initialize process group for rank: 0, key: store_based_barrier_key:1 (world_size=1, worker_count=4, timeout=0:30:00)
2023-09-24 06:02:12 - INFO - Waiting in store based barrier to initialize process group for rank: 0, key: store_based_barrier_key:1 (world_size=1, worker_count=4, timeout=0:30:00)
2023-09-24 06:02:22 - INFO - Waiting in store based barrier to initialize process group for rank: 0, key: store_based_barrier_key:1 (world_size=1, worker_count=4, timeout=0:30:00)
2023-09-24 06:02:22 - INFO - Waiting in store based barrier to initialize process group for rank: 0, key: store_based_barrier_key:1 (world_size=1, worker_count=4, timeout=0:30:00)
2023-09-24 06:02:22 - INFO - Waiting in store based barrier to initialize process group for rank: 0, key: store_based_barrier_key:1 (world_size=1, worker_count=4, timeout=0:30:00)
2023-09-24 06:02:32 - INFO - Waiting in store based barrier to initialize process group for rank: 0, key: store_based_barrier_key:1 (world_size=1, worker_count=4, timeout=0:30:00)
2023-09-24 06:02:32 - INFO - Waiting in store based barrier to initialize process group for rank: 0, key: store_based_barrier_key:1 (world_size=1, worker_count=4, timeout=0:30:00)
2023-09-24 06:02:32 - INFO - Waiting in store based barrier to initialize process group for rank: 0, key: store_based_barrier_key:1 (world_size=1, worker_count=4, timeout=0:30:00)
2023-09-24 06:02:42 - INFO - Waiting in store based barrier to initialize process group for rank: 0, key: store_based_barrier_key:1 (world_size=1, worker_count=4, timeout=0:30:00)
2023-09-24 06:02:42 - INFO - Waiting in store based barrier to initialize process group for rank: 0, key: store_based_barrier_key:1 (world_size=1, worker_count=4, timeout=0:30:00)
2023-09-24 06:02:42 - INFO - Waiting in store based barrier to initialize process group for rank: 0, key: store_based_barrier_key:1 (world_size=1, worker_count=4, timeout=0:30:00)
2023-09-24 06:02:52 - INFO - Waiting in store based barrier to initialize process group for rank: 0, key: store_based_barrier_key:1 (world_size=1, worker_count=4, timeout=0:30:00)
2023-09-24 06:02:52 - INFO - Waiting in store based barrier to initialize process group for rank: 0, key: store_based_barrier_key:1 (world_size=1, worker_count=4, timeout=0:30:00)
2023-09-24 06:02:52 - INFO - Waiting in store based barrier to initialize process group for rank: 0, key: store_based_barrier_key:1 (world_size=1, worker_count=4, timeout=0:30:00)
2023-09-24 06:03:02 - INFO - Waiting in store based barrier to initialize process group for rank: 0, key: store_based_barrier_key:1 (world_size=1, worker_count=4, timeout=0:30:00)
2023-09-24 06:03:02 - INFO - Waiting in store based barrier to initialize process group for rank: 0, key: store_based_barrier_key:1 (world_size=1, worker_count=4, timeout=0:30:00)
2023-09-24 06:03:02 - INFO - Waiting in store based barrier to initialize process group for rank: 0, key: store_based_barrier_key:1 (world_size=1, worker_count=4, timeout=0:30:00)
2023-09-24 06:03:12 - INFO - Waiting in store based barrier to initialize process group for rank: 0, key: store_based_barrier_key:1 (world_size=1, worker_count=4, timeout=0:30:00)
2023-09-24 06:03:12 - INFO - Waiting in store based barrier to initialize process group for rank: 0, key: store_based_barrier_key:1 (world_size=1, worker_count=4, timeout=0:30:00)
2023-09-24 06:03:12 - INFO - Waiting in store based barrier to initialize process group for rank: 0, key: store_based_barrier_key:1 (world_size=1, worker_count=4, timeout=0:30:00)
2023-09-24 06:03:22 - INFO - Waiting in store based barrier to initialize process group for rank: 0, key: store_based_barrier_key:1 (world_size=1, worker_count=4, timeout=0:30:00)
2023-09-24 06:03:22 - INFO - Waiting in store based barrier to initialize process group for rank: 0, key: store_based_barrier_key:1 (world_size=1, worker_count=4, timeout=0:30:00)
2023-09-24 06:03:22 - INFO - Waiting in store based barrier to initialize process group for rank: 0, key: store_based_barrier_key:1 (world_size=1, worker_count=4, timeout=0:30:00)
2023-09-24 06:03:32 - INFO - Waiting in store based barrier to initialize process group for rank: 0, key: store_based_barrier_key:1 (world_size=1, worker_count=4, timeout=0:30:00)
2023-09-24 06:03:32 - INFO - Waiting in store based barrier to initialize process group for rank: 0, key: store_based_barrier_key:1 (world_size=1, worker_count=4, timeout=0:30:00)
2023-09-24 06:03:32 - INFO - Waiting in store based barrier to initialize process group for rank: 0, key: store_based_barrier_key:1 (world_size=1, worker_count=4, timeout=0:30:00)
2023-09-24 06:03:42 - INFO - Waiting in store based barrier to initialize process group for rank: 0, key: store_based_barrier_key:1 (world_size=1, worker_count=4, timeout=0:30:00)
2023-09-24 06:03:42 - INFO - Waiting in store based barrier to initialize process group for rank: 0, key: store_based_barrier_key:1 (world_size=1, worker_count=4, timeout=0:30:00)
2023-09-24 06:03:42 - INFO - Waiting in store based barrier to initialize process group for rank: 0, key: store_based_barrier_key:1 (world_size=1, worker_count=4, timeout=0:30:00)
2023-09-24 06:03:52 - INFO - Waiting in store based barrier to initialize process group for rank: 0, key: store_based_barrier_key:1 (world_size=1, worker_count=4, timeout=0:30:00)
2023-09-24 06:03:52 - INFO - Waiting in store based barrier to initialize process group for rank: 0, key: store_based_barrier_key:1 (world_size=1, worker_count=4, timeout=0:30:00)
2023-09-24 06:03:52 - INFO - Waiting in store based barrier to initialize process group for rank: 0, key: store_based_barrier_key:1 (world_size=1, worker_count=4, timeout=0:30:00)
2023-09-24 06:04:02 - INFO - Waiting in store based barrier to initialize process group for rank: 0, key: store_based_barrier_key:1 (world_size=1, worker_count=4, timeout=0:30:00)
2023-09-24 06:04:02 - INFO - Waiting in store based barrier to initialize process group for rank: 0, key: store_based_barrier_key:1 (world_size=1, worker_count=4, timeout=0:30:00)
2023-09-24 06:04:02 - INFO - Waiting in store based barrier to initialize process group for rank: 0, key: store_based_barrier_key:1 (world_size=1, worker_count=4, timeout=0:30:00)
2023-09-24 06:04:12 - INFO - Waiting in store based barrier to initialize process group for rank: 0, key: store_based_barrier_key:1 (world_size=1, worker_count=4, timeout=0:30:00)
2023-09-24 06:04:12 - INFO - Waiting in store based barrier to initialize process group for rank: 0, key: store_based_barrier_key:1 (world_size=1, worker_count=4, timeout=0:30:00)
2023-09-24 06:04:12 - INFO - Waiting in store based barrier to initialize process group for rank: 0, key: store_based_barrier_key:1 (world_size=1, worker_count=4, timeout=0:30:00)
2023-09-24 06:04:21 - INFO - epoch 1/800, Train loss 2.7237930983459395
2023-09-24 06:04:22 - INFO - Waiting in store based barrier to initialize process group for rank: 0, key: store_based_barrier_key:1 (world_size=1, worker_count=4, timeout=0:30:00)
2023-09-24 06:04:22 - INFO - Waiting in store based barrier to initialize process group for rank: 0, key: store_based_barrier_key:1 (world_size=1, worker_count=4, timeout=0:30:00)
2023-09-24 06:04:22 - INFO - Waiting in store based barrier to initialize process group for rank: 0, key: store_based_barrier_key:1 (world_size=1, worker_count=4, timeout=0:30:00)
2023-09-24 06:04:32 - INFO - Waiting in store based barrier to initialize process group for rank: 0, key: store_based_barrier_key:1 (world_size=1, worker_count=4, timeout=0:30:00)
2023-09-24 06:04:32 - INFO - Waiting in store based barrier to initialize process group for rank: 0, key: store_based_barrier_key:1 (world_size=1, worker_count=4, timeout=0:30:00)
2023-09-24 06:04:32 - INFO - Waiting in store based barrier to initialize process group for rank: 0, key: store_based_barrier_key:1 (world_size=1, worker_count=4, timeout=0:30:00)
2023-09-24 06:04:42 - INFO - Waiting in store based barrier to initialize process group for rank: 0, key: store_based_barrier_key:1 (world_size=1, worker_count=4, timeout=0:30:00)
2023-09-24 06:04:42 - INFO - Waiting in store based barrier to initialize process group for rank: 0, key: store_based_barrier_key:1 (world_size=1, worker_count=4, timeout=0:30:00)
2023-09-24 06:04:42 - INFO - Waiting in store based barrier to initialize process group for rank: 0, key: store_based_barrier_key:1 (world_size=1, worker_count=4, timeout=0:30:00)
2023-09-24 06:04:52 - INFO - Waiting in store based barrier to initialize process group for rank: 0, key: store_based_barrier_key:1 (world_size=1, worker_count=4, timeout=0:30:00)
2023-09-24 06:04:52 - INFO - Waiting in store based barrier to initialize process group for rank: 0, key: store_based_barrier_key:1 (world_size=1, worker_count=4, timeout=0:30:00)
2023-09-24 06:04:52 - INFO - Waiting in store based barrier to initialize process group for rank: 0, key: store_based_barrier_key:1 (world_size=1, worker_count=4, timeout=0:30:00)
2023-09-24 06:05:02 - INFO - Waiting in store based barrier to initialize process group for rank: 0, key: store_based_barrier_key:1 (world_size=1, worker_count=4, timeout=0:30:00)
2023-09-24 06:05:02 - INFO - Waiting in store based barrier to initialize process group for rank: 0, key: store_based_barrier_key:1 (world_size=1, worker_count=4, timeout=0:30:00)
2023-09-24 06:05:02 - INFO - Waiting in store based barrier to initialize process group for rank: 0, key: store_based_barrier_key:1 (world_size=1, worker_count=4, timeout=0:30:00)
2023-09-24 06:05:12 - INFO - Waiting in store based barrier to initialize process group for rank: 0, key: store_based_barrier_key:1 (world_size=1, worker_count=4, timeout=0:30:00)
2023-09-24 06:05:12 - INFO - Waiting in store based barrier to initialize process group for rank: 0, key: store_based_barrier_key:1 (world_size=1, worker_count=4, timeout=0:30:00)
2023-09-24 06:05:12 - INFO - Waiting in store based barrier to initialize process group for rank: 0, key: store_based_barrier_key:1 (world_size=1, worker_count=4, timeout=0:30:00)
2023-09-24 06:05:22 - INFO - Waiting in store based barrier to initialize process group for rank: 0, key: store_based_barrier_key:1 (world_size=1, worker_count=4, timeout=0:30:00)
2023-09-24 06:05:22 - INFO - Waiting in store based barrier to initialize process group for rank: 0, key: store_based_barrier_key:1 (world_size=1, worker_count=4, timeout=0:30:00)
2023-09-24 06:05:22 - INFO - Waiting in store based barrier to initialize process group for rank: 0, key: store_based_barrier_key:1 (world_size=1, worker_count=4, timeout=0:30:00)
2023-09-24 06:05:32 - INFO - Waiting in store based barrier to initialize process group for rank: 0, key: store_based_barrier_key:1 (world_size=1, worker_count=4, timeout=0:30:00)
2023-09-24 06:05:32 - INFO - Waiting in store based barrier to initialize process group for rank: 0, key: store_based_barrier_key:1 (world_size=1, worker_count=4, timeout=0:30:00)
2023-09-24 06:05:32 - INFO - Waiting in store based barrier to initialize process group for rank: 0, key: store_based_barrier_key:1 (world_size=1, worker_count=4, timeout=0:30:00)
2023-09-24 06:05:42 - INFO - Waiting in store based barrier to initialize process group for rank: 0, key: store_based_barrier_key:1 (world_size=1, worker_count=4, timeout=0:30:00)
2023-09-24 06:05:42 - INFO - Waiting in store based barrier to initialize process group for rank: 0, key: store_based_barrier_key:1 (world_size=1, worker_count=4, timeout=0:30:00)
2023-09-24 06:05:42 - INFO - Waiting in store based barrier to initialize process group for rank: 0, key: store_based_barrier_key:1 (world_size=1, worker_count=4, timeout=0:30:00)
2023-09-24 06:05:52 - INFO - Waiting in store based barrier to initialize process group for rank: 0, key: store_based_barrier_key:1 (world_size=1, worker_count=4, timeout=0:30:00)
2023-09-24 06:05:52 - INFO - Waiting in store based barrier to initialize process group for rank: 0, key: store_based_barrier_key:1 (world_size=1, worker_count=4, timeout=0:30:00)
2023-09-24 06:05:52 - INFO - Waiting in store based barrier to initialize process group for rank: 0, key: store_based_barrier_key:1 (world_size=1, worker_count=4, timeout=0:30:00)
2023-09-24 06:06:02 - INFO - Waiting in store based barrier to initialize process group for rank: 0, key: store_based_barrier_key:1 (world_size=1, worker_count=4, timeout=0:30:00)
2023-09-24 06:06:02 - INFO - Waiting in store based barrier to initialize process group for rank: 0, key: store_based_barrier_key:1 (world_size=1, worker_count=4, timeout=0:30:00)
2023-09-24 06:06:02 - INFO - Waiting in store based barrier to initialize process group for rank: 0, key: store_based_barrier_key:1 (world_size=1, worker_count=4, timeout=0:30:00)
2023-09-24 06:06:12 - INFO - Waiting in store based barrier to initialize process group for rank: 0, key: store_based_barrier_key:1 (world_size=1, worker_count=4, timeout=0:30:00)
2023-09-24 06:06:12 - INFO - Waiting in store based barrier to initialize process group for rank: 0, key: store_based_barrier_key:1 (world_size=1, worker_count=4, timeout=0:30:00)
2023-09-24 06:06:12 - INFO - Waiting in store based barrier to initialize process group for rank: 0, key: store_based_barrier_key:1 (world_size=1, worker_count=4, timeout=0:30:00)
2023-09-24 06:06:22 - INFO - Waiting in store based barrier to initialize process group for rank: 0, key: store_based_barrier_key:1 (world_size=1, worker_count=4, timeout=0:30:00)
2023-09-24 06:06:22 - INFO - Waiting in store based barrier to initialize process group for rank: 0, key: store_based_barrier_key:1 (world_size=1, worker_count=4, timeout=0:30:00)
2023-09-24 06:06:22 - INFO - Waiting in store based barrier to initialize process group for rank: 0, key: store_based_barrier_key:1 (world_size=1, worker_count=4, timeout=0:30:00)
2023-09-24 06:06:32 - INFO - Waiting in store based barrier to initialize process group for rank: 0, key: store_based_barrier_key:1 (world_size=1, worker_count=4, timeout=0:30:00)
2023-09-24 06:06:32 - INFO - Waiting in store based barrier to initialize process group for rank: 0, key: store_based_barrier_key:1 (world_size=1, worker_count=4, timeout=0:30:00)
2023-09-24 06:06:32 - INFO - Waiting in store based barrier to initialize process group for rank: 0, key: store_based_barrier_key:1 (world_size=1, worker_count=4, timeout=0:30:00)
2023-09-24 06:06:42 - INFO - Waiting in store based barrier to initialize process group for rank: 0, key: store_based_barrier_key:1 (world_size=1, worker_count=4, timeout=0:30:00)
2023-09-24 06:06:42 - INFO - Waiting in store based barrier to initialize process group for rank: 0, key: store_based_barrier_key:1 (world_size=1, worker_count=4, timeout=0:30:00)
2023-09-24 06:06:42 - INFO - Waiting in store based barrier to initialize process group for rank: 0, key: store_based_barrier_key:1 (world_size=1, worker_count=4, timeout=0:30:00)
2023-09-24 06:06:47 - INFO - epoch 2/800, Train loss 2.706685313906694
2023-09-24 06:06:52 - INFO - Waiting in store based barrier to initialize process group for rank: 0, key: store_based_barrier_key:1 (world_size=1, worker_count=4, timeout=0:30:00)
2023-09-24 06:06:52 - INFO - Waiting in store based barrier to initialize process group for rank: 0, key: store_based_barrier_key:1 (world_size=1, worker_count=4, timeout=0:30:00)
2023-09-24 06:06:52 - INFO - Waiting in store based barrier to initialize process group for rank: 0, key: store_based_barrier_key:1 (world_size=1, worker_count=4, timeout=0:30:00)
2023-09-24 06:07:02 - INFO - Waiting in store based barrier to initialize process group for rank: 0, key: store_based_barrier_key:1 (world_size=1, worker_count=4, timeout=0:30:00)
2023-09-24 06:07:02 - INFO - Waiting in store based barrier to initialize process group for rank: 0, key: store_based_barrier_key:1 (world_size=1, worker_count=4, timeout=0:30:00)
2023-09-24 06:07:02 - INFO - Waiting in store based barrier to initialize process group for rank: 0, key: store_based_barrier_key:1 (world_size=1, worker_count=4, timeout=0:30:00)
2023-09-24 06:07:12 - INFO - Waiting in store based barrier to initialize process group for rank: 0, key: store_based_barrier_key:1 (world_size=1, worker_count=4, timeout=0:30:00)
2023-09-24 06:07:12 - INFO - Waiting in store based barrier to initialize process group for rank: 0, key: store_based_barrier_key:1 (world_size=1, worker_count=4, timeout=0:30:00)
2023-09-24 06:07:12 - INFO - Waiting in store based barrier to initialize process group for rank: 0, key: store_based_barrier_key:1 (world_size=1, worker_count=4, timeout=0:30:00)
2023-09-24 06:07:22 - INFO - Waiting in store based barrier to initialize process group for rank: 0, key: store_based_barrier_key:1 (world_size=1, worker_count=4, timeout=0:30:00)
2023-09-24 06:07:22 - INFO - Waiting in store based barrier to initialize process group for rank: 0, key: store_based_barrier_key:1 (world_size=1, worker_count=4, timeout=0:30:00)
2023-09-24 06:07:22 - INFO - Waiting in store based barrier to initialize process group for rank: 0, key: store_based_barrier_key:1 (world_size=1, worker_count=4, timeout=0:30:00)
2023-09-24 06:07:32 - INFO - Waiting in store based barrier to initialize process group for rank: 0, key: store_based_barrier_key:1 (world_size=1, worker_count=4, timeout=0:30:00)
2023-09-24 06:07:32 - INFO - Waiting in store based barrier to initialize process group for rank: 0, key: store_based_barrier_key:1 (world_size=1, worker_count=4, timeout=0:30:00)
2023-09-24 06:07:32 - INFO - Waiting in store based barrier to initialize process group for rank: 0, key: store_based_barrier_key:1 (world_size=1, worker_count=4, timeout=0:30:00)
2023-09-24 06:07:42 - INFO - Waiting in store based barrier to initialize process group for rank: 0, key: store_based_barrier_key:1 (world_size=1, worker_count=4, timeout=0:30:00)
2023-09-24 06:07:42 - INFO - Waiting in store based barrier to initialize process group for rank: 0, key: store_based_barrier_key:1 (world_size=1, worker_count=4, timeout=0:30:00)
2023-09-24 06:07:42 - INFO - Waiting in store based barrier to initialize process group for rank: 0, key: store_based_barrier_key:1 (world_size=1, worker_count=4, timeout=0:30:00)
2023-09-24 06:07:52 - INFO - Waiting in store based barrier to initialize process group for rank: 0, key: store_based_barrier_key:1 (world_size=1, worker_count=4, timeout=0:30:00)
2023-09-24 06:07:52 - INFO - Waiting in store based barrier to initialize process group for rank: 0, key: store_based_barrier_key:1 (world_size=1, worker_count=4, timeout=0:30:00)
2023-09-24 06:07:52 - INFO - Waiting in store based barrier to initialize process group for rank: 0, key: store_based_barrier_key:1 (world_size=1, worker_count=4, timeout=0:30:00)
2023-09-24 06:08:02 - INFO - Waiting in store based barrier to initialize process group for rank: 0, key: store_based_barrier_key:1 (world_size=1, worker_count=4, timeout=0:30:00)
2023-09-24 06:08:02 - INFO - Waiting in store based barrier to initialize process group for rank: 0, key: store_based_barrier_key:1 (world_size=1, worker_count=4, timeout=0:30:00)
2023-09-24 06:08:02 - INFO - Waiting in store based barrier to initialize process group for rank: 0, key: store_based_barrier_key:1 (world_size=1, worker_count=4, timeout=0:30:00)
2023-09-24 06:08:12 - INFO - Waiting in store based barrier to initialize process group for rank: 0, key: store_based_barrier_key:1 (world_size=1, worker_count=4, timeout=0:30:00)
2023-09-24 06:08:12 - INFO - Waiting in store based barrier to initialize process group for rank: 0, key: store_based_barrier_key:1 (world_size=1, worker_count=4, timeout=0:30:00)
2023-09-24 06:08:12 - INFO - Waiting in store based barrier to initialize process group for rank: 0, key: store_based_barrier_key:1 (world_size=1, worker_count=4, timeout=0:30:00)
2023-09-24 06:08:22 - INFO - Waiting in store based barrier to initialize process group for rank: 0, key: store_based_barrier_key:1 (world_size=1, worker_count=4, timeout=0:30:00)
2023-09-24 06:08:22 - INFO - Waiting in store based barrier to initialize process group for rank: 0, key: store_based_barrier_key:1 (world_size=1, worker_count=4, timeout=0:30:00)
2023-09-24 06:08:22 - INFO - Waiting in store based barrier to initialize process group for rank: 0, key: store_based_barrier_key:1 (world_size=1, worker_count=4, timeout=0:30:00)
2023-09-24 06:08:32 - INFO - Waiting in store based barrier to initialize process group for rank: 0, key: store_based_barrier_key:1 (world_size=1, worker_count=4, timeout=0:30:00)
2023-09-24 06:08:32 - INFO - Waiting in store based barrier to initialize process group for rank: 0, key: store_based_barrier_key:1 (world_size=1, worker_count=4, timeout=0:30:00)
2023-09-24 06:08:32 - INFO - Waiting in store based barrier to initialize process group for rank: 0, key: store_based_barrier_key:1 (world_size=1, worker_count=4, timeout=0:30:00)
2023-09-24 06:08:42 - INFO - Waiting in store based barrier to initialize process group for rank: 0, key: store_based_barrier_key:1 (world_size=1, worker_count=4, timeout=0:30:00)
2023-09-24 06:08:42 - INFO - Waiting in store based barrier to initialize process group for rank: 0, key: store_based_barrier_key:1 (world_size=1, worker_count=4, timeout=0:30:00)
2023-09-24 06:08:43 - INFO - Waiting in store based barrier to initialize process group for rank: 0, key: store_based_barrier_key:1 (world_size=1, worker_count=4, timeout=0:30:00)
2023-09-24 06:08:52 - INFO - Waiting in store based barrier to initialize process group for rank: 0, key: store_based_barrier_key:1 (world_size=1, worker_count=4, timeout=0:30:00)
2023-09-24 06:08:52 - INFO - Waiting in store based barrier to initialize process group for rank: 0, key: store_based_barrier_key:1 (world_size=1, worker_count=4, timeout=0:30:00)
2023-09-24 06:08:53 - INFO - Waiting in store based barrier to initialize process group for rank: 0, key: store_based_barrier_key:1 (world_size=1, worker_count=4, timeout=0:30:00)
2023-09-24 06:09:02 - INFO - Waiting in store based barrier to initialize process group for rank: 0, key: store_based_barrier_key:1 (world_size=1, worker_count=4, timeout=0:30:00)
2023-09-24 06:09:02 - INFO - Waiting in store based barrier to initialize process group for rank: 0, key: store_based_barrier_key:1 (world_size=1, worker_count=4, timeout=0:30:00)
2023-09-24 06:09:03 - INFO - Waiting in store based barrier to initialize process group for rank: 0, key: store_based_barrier_key:1 (world_size=1, worker_count=4, timeout=0:30:00)
2023-09-24 06:09:12 - INFO - Waiting in store based barrier to initialize process group for rank: 0, key: store_based_barrier_key:1 (world_size=1, worker_count=4, timeout=0:30:00)
2023-09-24 06:09:12 - INFO - Waiting in store based barrier to initialize process group for rank: 0, key: store_based_barrier_key:1 (world_size=1, worker_count=4, timeout=0:30:00)
2023-09-24 06:09:13 - INFO - Waiting in store based barrier to initialize process group for rank: 0, key: store_based_barrier_key:1 (world_size=1, worker_count=4, timeout=0:30:00)
2023-09-24 06:09:15 - INFO - epoch 3/800, Train loss 2.693641426649736
2023-09-24 06:09:22 - INFO - Waiting in store based barrier to initialize process group for rank: 0, key: store_based_barrier_key:1 (world_size=1, worker_count=4, timeout=0:30:00)
2023-09-24 06:09:22 - INFO - Waiting in store based barrier to initialize process group for rank: 0, key: store_based_barrier_key:1 (world_size=1, worker_count=4, timeout=0:30:00)
2023-09-24 06:09:23 - INFO - Waiting in store based barrier to initialize process group for rank: 0, key: store_based_barrier_key:1 (world_size=1, worker_count=4, timeout=0:30:00)
2023-09-24 06:09:32 - INFO - Waiting in store based barrier to initialize process group for rank: 0, key: store_based_barrier_key:1 (world_size=1, worker_count=4, timeout=0:30:00)
2023-09-24 06:09:32 - INFO - Waiting in store based barrier to initialize process group for rank: 0, key: store_based_barrier_key:1 (world_size=1, worker_count=4, timeout=0:30:00)
2023-09-24 06:09:33 - INFO - Waiting in store based barrier to initialize process group for rank: 0, key: store_based_barrier_key:1 (world_size=1, worker_count=4, timeout=0:30:00)
2023-09-24 06:09:42 - INFO - Waiting in store based barrier to initialize process group for rank: 0, key: store_based_barrier_key:1 (world_size=1, worker_count=4, timeout=0:30:00)
2023-09-24 06:09:42 - INFO - Waiting in store based barrier to initialize process group for rank: 0, key: store_based_barrier_key:1 (world_size=1, worker_count=4, timeout=0:30:00)
2023-09-24 06:09:43 - INFO - Waiting in store based barrier to initialize process group for rank: 0, key: store_based_barrier_key:1 (world_size=1, worker_count=4, timeout=0:30:00)
2023-09-24 06:09:52 - INFO - Waiting in store based barrier to initialize process group for rank: 0, key: store_based_barrier_key:1 (world_size=1, worker_count=4, timeout=0:30:00)
2023-09-24 06:09:53 - INFO - Waiting in store based barrier to initialize process group for rank: 0, key: store_based_barrier_key:1 (world_size=1, worker_count=4, timeout=0:30:00)
2023-09-24 06:09:53 - INFO - Waiting in store based barrier to initialize process group for rank: 0, key: store_based_barrier_key:1 (world_size=1, worker_count=4, timeout=0:30:00)
2023-09-24 06:10:02 - INFO - Waiting in store based barrier to initialize process group for rank: 0, key: store_based_barrier_key:1 (world_size=1, worker_count=4, timeout=0:30:00)
2023-09-24 06:10:03 - INFO - Waiting in store based barrier to initialize process group for rank: 0, key: store_based_barrier_key:1 (world_size=1, worker_count=4, timeout=0:30:00)
2023-09-24 06:10:03 - INFO - Waiting in store based barrier to initialize process group for rank: 0, key: store_based_barrier_key:1 (world_size=1, worker_count=4, timeout=0:30:00)
2023-09-24 06:10:12 - INFO - Waiting in store based barrier to initialize process group for rank: 0, key: store_based_barrier_key:1 (world_size=1, worker_count=4, timeout=0:30:00)
2023-09-24 06:10:13 - INFO - Waiting in store based barrier to initialize process group for rank: 0, key: store_based_barrier_key:1 (world_size=1, worker_count=4, timeout=0:30:00)
2023-09-24 06:10:13 - INFO - Waiting in store based barrier to initialize process group for rank: 0, key: store_based_barrier_key:1 (world_size=1, worker_count=4, timeout=0:30:00)
2023-09-24 06:10:22 - INFO - Waiting in store based barrier to initialize process group for rank: 0, key: store_based_barrier_key:1 (world_size=1, worker_count=4, timeout=0:30:00)
2023-09-24 06:10:23 - INFO - Waiting in store based barrier to initialize process group for rank: 0, key: store_based_barrier_key:1 (world_size=1, worker_count=4, timeout=0:30:00)
2023-09-24 06:10:23 - INFO - Waiting in store based barrier to initialize process group for rank: 0, key: store_based_barrier_key:1 (world_size=1, worker_count=4, timeout=0:30:00)
2023-09-24 06:10:32 - INFO - Waiting in store based barrier to initialize process group for rank: 0, key: store_based_barrier_key:1 (world_size=1, worker_count=4, timeout=0:30:00)
2023-09-24 06:10:33 - INFO - Waiting in store based barrier to initialize process group for rank: 0, key: store_based_barrier_key:1 (world_size=1, worker_count=4, timeout=0:30:00)
2023-09-24 06:10:33 - INFO - Waiting in store based barrier to initialize process group for rank: 0, key: store_based_barrier_key:1 (world_size=1, worker_count=4, timeout=0:30:00)
2023-09-24 06:10:42 - INFO - Waiting in store based barrier to initialize process group for rank: 0, key: store_based_barrier_key:1 (world_size=1, worker_count=4, timeout=0:30:00)
2023-09-24 06:10:43 - INFO - Waiting in store based barrier to initialize process group for rank: 0, key: store_based_barrier_key:1 (world_size=1, worker_count=4, timeout=0:30:00)
2023-09-24 06:10:43 - INFO - Waiting in store based barrier to initialize process group for rank: 0, key: store_based_barrier_key:1 (world_size=1, worker_count=4, timeout=0:30:00)
2023-09-24 06:10:52 - INFO - Waiting in store based barrier to initialize process group for rank: 0, key: store_based_barrier_key:1 (world_size=1, worker_count=4, timeout=0:30:00)
2023-09-24 06:10:53 - INFO - Waiting in store based barrier to initialize process group for rank: 0, key: store_based_barrier_key:1 (world_size=1, worker_count=4, timeout=0:30:00)
2023-09-24 06:10:53 - INFO - Waiting in store based barrier to initialize process group for rank: 0, key: store_based_barrier_key:1 (world_size=1, worker_count=4, timeout=0:30:00)
2023-09-24 06:11:02 - INFO - Waiting in store based barrier to initialize process group for rank: 0, key: store_based_barrier_key:1 (world_size=1, worker_count=4, timeout=0:30:00)
2023-09-24 06:11:03 - INFO - Waiting in store based barrier to initialize process group for rank: 0, key: store_based_barrier_key:1 (world_size=1, worker_count=4, timeout=0:30:00)
2023-09-24 06:11:03 - INFO - Waiting in store based barrier to initialize process group for rank: 0, key: store_based_barrier_key:1 (world_size=1, worker_count=4, timeout=0:30:00)
2023-09-24 06:11:12 - INFO - Waiting in store based barrier to initialize process group for rank: 0, key: store_based_barrier_key:1 (world_size=1, worker_count=4, timeout=0:30:00)
2023-09-24 06:11:13 - INFO - Waiting in store based barrier to initialize process group for rank: 0, key: store_based_barrier_key:1 (world_size=1, worker_count=4, timeout=0:30:00)
2023-09-24 06:11:13 - INFO - Waiting in store based barrier to initialize process group for rank: 0, key: store_based_barrier_key:1 (world_size=1, worker_count=4, timeout=0:30:00)
2023-09-24 06:11:22 - INFO - Waiting in store based barrier to initialize process group for rank: 0, key: store_based_barrier_key:1 (world_size=1, worker_count=4, timeout=0:30:00)
2023-09-24 06:11:23 - INFO - Waiting in store based barrier to initialize process group for rank: 0, key: store_based_barrier_key:1 (world_size=1, worker_count=4, timeout=0:30:00)
2023-09-24 06:11:23 - INFO - Waiting in store based barrier to initialize process group for rank: 0, key: store_based_barrier_key:1 (world_size=1, worker_count=4, timeout=0:30:00)
2023-09-24 06:11:32 - INFO - Waiting in store based barrier to initialize process group for rank: 0, key: store_based_barrier_key:1 (world_size=1, worker_count=4, timeout=0:30:00)
2023-09-24 06:11:33 - INFO - Waiting in store based barrier to initialize process group for rank: 0, key: store_based_barrier_key:1 (world_size=1, worker_count=4, timeout=0:30:00)
2023-09-24 06:11:33 - INFO - Waiting in store based barrier to initialize process group for rank: 0, key: store_based_barrier_key:1 (world_size=1, worker_count=4, timeout=0:30:00)
2023-09-24 06:11:42 - INFO - Waiting in store based barrier to initialize process group for rank: 0, key: store_based_barrier_key:1 (world_size=1, worker_count=4, timeout=0:30:00)
2023-09-24 06:11:43 - INFO - Waiting in store based barrier to initialize process group for rank: 0, key: store_based_barrier_key:1 (world_size=1, worker_count=4, timeout=0:30:00)
2023-09-24 06:11:43 - INFO - Waiting in store based barrier to initialize process group for rank: 0, key: store_based_barrier_key:1 (world_size=1, worker_count=4, timeout=0:30:00)
2023-09-24 06:11:44 - INFO - epoch 4/800, Train loss 2.662958613331454
2023-09-24 06:11:53 - INFO - Waiting in store based barrier to initialize process group for rank: 0, key: store_based_barrier_key:1 (world_size=1, worker_count=4, timeout=0:30:00)
2023-09-24 06:11:53 - INFO - Waiting in store based barrier to initialize process group for rank: 0, key: store_based_barrier_key:1 (world_size=1, worker_count=4, timeout=0:30:00)
2023-09-24 06:11:53 - INFO - Waiting in store based barrier to initialize process group for rank: 0, key: store_based_barrier_key:1 (world_size=1, worker_count=4, timeout=0:30:00)
2023-09-24 06:12:03 - INFO - Waiting in store based barrier to initialize process group for rank: 0, key: store_based_barrier_key:1 (world_size=1, worker_count=4, timeout=0:30:00)
2023-09-24 06:12:03 - INFO - Waiting in store based barrier to initialize process group for rank: 0, key: store_based_barrier_key:1 (world_size=1, worker_count=4, timeout=0:30:00)
2023-09-24 06:12:03 - INFO - Waiting in store based barrier to initialize process group for rank: 0, key: store_based_barrier_key:1 (world_size=1, worker_count=4, timeout=0:30:00)
2023-09-24 06:12:13 - INFO - Waiting in store based barrier to initialize process group for rank: 0, key: store_based_barrier_key:1 (world_size=1, worker_count=4, timeout=0:30:00)
2023-09-24 06:12:13 - INFO - Waiting in store based barrier to initialize process group for rank: 0, key: store_based_barrier_key:1 (world_size=1, worker_count=4, timeout=0:30:00)
2023-09-24 06:12:13 - INFO - Waiting in store based barrier to initialize process group for rank: 0, key: store_based_barrier_key:1 (world_size=1, worker_count=4, timeout=0:30:00)
2023-09-24 06:12:23 - INFO - Waiting in store based barrier to initialize process group for rank: 0, key: store_based_barrier_key:1 (world_size=1, worker_count=4, timeout=0:30:00)
2023-09-24 06:12:23 - INFO - Waiting in store based barrier to initialize process group for rank: 0, key: store_based_barrier_key:1 (world_size=1, worker_count=4, timeout=0:30:00)
2023-09-24 06:12:23 - INFO - Waiting in store based barrier to initialize process group for rank: 0, key: store_based_barrier_key:1 (world_size=1, worker_count=4, timeout=0:30:00)
2023-09-24 06:12:33 - INFO - Waiting in store based barrier to initialize process group for rank: 0, key: store_based_barrier_key:1 (world_size=1, worker_count=4, timeout=0:30:00)
2023-09-24 06:12:33 - INFO - Waiting in store based barrier to initialize process group for rank: 0, key: store_based_barrier_key:1 (world_size=1, worker_count=4, timeout=0:30:00)
2023-09-24 06:12:33 - INFO - Waiting in store based barrier to initialize process group for rank: 0, key: store_based_barrier_key:1 (world_size=1, worker_count=4, timeout=0:30:00)
2023-09-24 06:12:43 - INFO - Waiting in store based barrier to initialize process group for rank: 0, key: store_based_barrier_key:1 (world_size=1, worker_count=4, timeout=0:30:00)
2023-09-24 06:12:43 - INFO - Waiting in store based barrier to initialize process group for rank: 0, key: store_based_barrier_key:1 (world_size=1, worker_count=4, timeout=0:30:00)
2023-09-24 06:12:43 - INFO - Waiting in store based barrier to initialize process group for rank: 0, key: store_based_barrier_key:1 (world_size=1, worker_count=4, timeout=0:30:00)
2023-09-24 06:12:53 - INFO - Waiting in store based barrier to initialize process group for rank: 0, key: store_based_barrier_key:1 (world_size=1, worker_count=4, timeout=0:30:00)
2023-09-24 06:12:53 - INFO - Waiting in store based barrier to initialize process group for rank: 0, key: store_based_barrier_key:1 (world_size=1, worker_count=4, timeout=0:30:00)
2023-09-24 06:12:53 - INFO - Waiting in store based barrier to initialize process group for rank: 0, key: store_based_barrier_key:1 (world_size=1, worker_count=4, timeout=0:30:00)
2023-09-24 06:13:03 - INFO - Waiting in store based barrier to initialize process group for rank: 0, key: store_based_barrier_key:1 (world_size=1, worker_count=4, timeout=0:30:00)
2023-09-24 06:13:03 - INFO - Waiting in store based barrier to initialize process group for rank: 0, key: store_based_barrier_key:1 (world_size=1, worker_count=4, timeout=0:30:00)
2023-09-24 06:13:03 - INFO - Waiting in store based barrier to initialize process group for rank: 0, key: store_based_barrier_key:1 (world_size=1, worker_count=4, timeout=0:30:00)
2023-09-24 06:13:13 - INFO - Waiting in store based barrier to initialize process group for rank: 0, key: store_based_barrier_key:1 (world_size=1, worker_count=4, timeout=0:30:00)
2023-09-24 06:13:13 - INFO - Waiting in store based barrier to initialize process group for rank: 0, key: store_based_barrier_key:1 (world_size=1, worker_count=4, timeout=0:30:00)
2023-09-24 06:13:13 - INFO - Waiting in store based barrier to initialize process group for rank: 0, key: store_based_barrier_key:1 (world_size=1, worker_count=4, timeout=0:30:00)
2023-09-24 06:13:23 - INFO - Waiting in store based barrier to initialize process group for rank: 0, key: store_based_barrier_key:1 (world_size=1, worker_count=4, timeout=0:30:00)
2023-09-24 06:13:23 - INFO - Waiting in store based barrier to initialize process group for rank: 0, key: store_based_barrier_key:1 (world_size=1, worker_count=4, timeout=0:30:00)
2023-09-24 06:13:23 - INFO - Waiting in store based barrier to initialize process group for rank: 0, key: store_based_barrier_key:1 (world_size=1, worker_count=4, timeout=0:30:00)
2023-09-24 06:13:33 - INFO - Waiting in store based barrier to initialize process group for rank: 0, key: store_based_barrier_key:1 (world_size=1, worker_count=4, timeout=0:30:00)
2023-09-24 06:13:33 - INFO - Waiting in store based barrier to initialize process group for rank: 0, key: store_based_barrier_key:1 (world_size=1, worker_count=4, timeout=0:30:00)
2023-09-24 06:13:33 - INFO - Waiting in store based barrier to initialize process group for rank: 0, key: store_based_barrier_key:1 (world_size=1, worker_count=4, timeout=0:30:00)
2023-09-24 06:13:43 - INFO - Waiting in store based barrier to initialize process group for rank: 0, key: store_based_barrier_key:1 (world_size=1, worker_count=4, timeout=0:30:00)
2023-09-24 06:13:43 - INFO - Waiting in store based barrier to initialize process group for rank: 0, key: store_based_barrier_key:1 (world_size=1, worker_count=4, timeout=0:30:00)
2023-09-24 06:13:43 - INFO - Waiting in store based barrier to initialize process group for rank: 0, key: store_based_barrier_key:1 (world_size=1, worker_count=4, timeout=0:30:00)
2023-09-24 06:13:53 - INFO - Waiting in store based barrier to initialize process group for rank: 0, key: store_based_barrier_key:1 (world_size=1, worker_count=4, timeout=0:30:00)
2023-09-24 06:13:53 - INFO - Waiting in store based barrier to initialize process group for rank: 0, key: store_based_barrier_key:1 (world_size=1, worker_count=4, timeout=0:30:00)
2023-09-24 06:13:53 - INFO - Waiting in store based barrier to initialize process group for rank: 0, key: store_based_barrier_key:1 (world_size=1, worker_count=4, timeout=0:30:00)
2023-09-24 06:14:03 - INFO - Waiting in store based barrier to initialize process group for rank: 0, key: store_based_barrier_key:1 (world_size=1, worker_count=4, timeout=0:30:00)
2023-09-24 06:14:03 - INFO - Waiting in store based barrier to initialize process group for rank: 0, key: store_based_barrier_key:1 (world_size=1, worker_count=4, timeout=0:30:00)
2023-09-24 06:14:03 - INFO - Waiting in store based barrier to initialize process group for rank: 0, key: store_based_barrier_key:1 (world_size=1, worker_count=4, timeout=0:30:00)
2023-09-24 06:14:12 - INFO - epoch 5/800, Train loss 2.628019905460931
2023-09-24 06:14:13 - INFO - Waiting in store based barrier to initialize process group for rank: 0, key: store_based_barrier_key:1 (world_size=1, worker_count=4, timeout=0:30:00)
2023-09-24 06:14:13 - INFO - Waiting in store based barrier to initialize process group for rank: 0, key: store_based_barrier_key:1 (world_size=1, worker_count=4, timeout=0:30:00)
2023-09-24 06:14:13 - INFO - Waiting in store based barrier to initialize process group for rank: 0, key: store_based_barrier_key:1 (world_size=1, worker_count=4, timeout=0:30:00)
2023-09-24 06:14:23 - INFO - Waiting in store based barrier to initialize process group for rank: 0, key: store_based_barrier_key:1 (world_size=1, worker_count=4, timeout=0:30:00)
2023-09-24 06:14:23 - INFO - Waiting in store based barrier to initialize process group for rank: 0, key: store_based_barrier_key:1 (world_size=1, worker_count=4, timeout=0:30:00)
2023-09-24 06:14:23 - INFO - Waiting in store based barrier to initialize process group for rank: 0, key: store_based_barrier_key:1 (world_size=1, worker_count=4, timeout=0:30:00)
2023-09-24 06:14:33 - INFO - Waiting in store based barrier to initialize process group for rank: 0, key: store_based_barrier_key:1 (world_size=1, worker_count=4, timeout=0:30:00)
2023-09-24 06:14:33 - INFO - Waiting in store based barrier to initialize process group for rank: 0, key: store_based_barrier_key:1 (world_size=1, worker_count=4, timeout=0:30:00)
2023-09-24 06:14:33 - INFO - Waiting in store based barrier to initialize process group for rank: 0, key: store_based_barrier_key:1 (world_size=1, worker_count=4, timeout=0:30:00)
2023-09-24 06:14:43 - INFO - Waiting in store based barrier to initialize process group for rank: 0, key: store_based_barrier_key:1 (world_size=1, worker_count=4, timeout=0:30:00)
2023-09-24 06:14:43 - INFO - Waiting in store based barrier to initialize process group for rank: 0, key: store_based_barrier_key:1 (world_size=1, worker_count=4, timeout=0:30:00)
2023-09-24 06:14:43 - INFO - Waiting in store based barrier to initialize process group for rank: 0, key: store_based_barrier_key:1 (world_size=1, worker_count=4, timeout=0:30:00)
2023-09-24 06:14:53 - INFO - Waiting in store based barrier to initialize process group for rank: 0, key: store_based_barrier_key:1 (world_size=1, worker_count=4, timeout=0:30:00)
2023-09-24 06:14:53 - INFO - Waiting in store based barrier to initialize process group for rank: 0, key: store_based_barrier_key:1 (world_size=1, worker_count=4, timeout=0:30:00)
2023-09-24 06:14:53 - INFO - Waiting in store based barrier to initialize process group for rank: 0, key: store_based_barrier_key:1 (world_size=1, worker_count=4, timeout=0:30:00)
2023-09-24 06:15:03 - INFO - Waiting in store based barrier to initialize process group for rank: 0, key: store_based_barrier_key:1 (world_size=1, worker_count=4, timeout=0:30:00)
2023-09-24 06:15:03 - INFO - Waiting in store based barrier to initialize process group for rank: 0, key: store_based_barrier_key:1 (world_size=1, worker_count=4, timeout=0:30:00)
2023-09-24 06:15:03 - INFO - Waiting in store based barrier to initialize process group for rank: 0, key: store_based_barrier_key:1 (world_size=1, worker_count=4, timeout=0:30:00)
2023-09-24 06:15:13 - INFO - Waiting in store based barrier to initialize process group for rank: 0, key: store_based_barrier_key:1 (world_size=1, worker_count=4, timeout=0:30:00)
2023-09-24 06:15:13 - INFO - Waiting in store based barrier to initialize process group for rank: 0, key: store_based_barrier_key:1 (world_size=1, worker_count=4, timeout=0:30:00)
2023-09-24 06:15:13 - INFO - Waiting in store based barrier to initialize process group for rank: 0, key: store_based_barrier_key:1 (world_size=1, worker_count=4, timeout=0:30:00)
2023-09-24 06:15:23 - INFO - Waiting in store based barrier to initialize process group for rank: 0, key: store_based_barrier_key:1 (world_size=1, worker_count=4, timeout=0:30:00)
2023-09-24 06:15:23 - INFO - Waiting in store based barrier to initialize process group for rank: 0, key: store_based_barrier_key:1 (world_size=1, worker_count=4, timeout=0:30:00)
2023-09-24 06:15:23 - INFO - Waiting in store based barrier to initialize process group for rank: 0, key: store_based_barrier_key:1 (world_size=1, worker_count=4, timeout=0:30:00)
2023-09-24 06:15:33 - INFO - Waiting in store based barrier to initialize process group for rank: 0, key: store_based_barrier_key:1 (world_size=1, worker_count=4, timeout=0:30:00)
2023-09-24 06:15:33 - INFO - Waiting in store based barrier to initialize process group for rank: 0, key: store_based_barrier_key:1 (world_size=1, worker_count=4, timeout=0:30:00)
2023-09-24 06:15:33 - INFO - Waiting in store based barrier to initialize process group for rank: 0, key: store_based_barrier_key:1 (world_size=1, worker_count=4, timeout=0:30:00)
2023-09-24 06:15:43 - INFO - Waiting in store based barrier to initialize process group for rank: 0, key: store_based_barrier_key:1 (world_size=1, worker_count=4, timeout=0:30:00)
2023-09-24 06:15:43 - INFO - Waiting in store based barrier to initialize process group for rank: 0, key: store_based_barrier_key:1 (world_size=1, worker_count=4, timeout=0:30:00)
2023-09-24 06:15:43 - INFO - Waiting in store based barrier to initialize process group for rank: 0, key: store_based_barrier_key:1 (world_size=1, worker_count=4, timeout=0:30:00)
2023-09-24 06:15:53 - INFO - Waiting in store based barrier to initialize process group for rank: 0, key: store_based_barrier_key:1 (world_size=1, worker_count=4, timeout=0:30:00)
2023-09-24 06:15:53 - INFO - Waiting in store based barrier to initialize process group for rank: 0, key: store_based_barrier_key:1 (world_size=1, worker_count=4, timeout=0:30:00)
2023-09-24 06:15:53 - INFO - Waiting in store based barrier to initialize process group for rank: 0, key: store_based_barrier_key:1 (world_size=1, worker_count=4, timeout=0:30:00)
2023-09-24 06:16:03 - INFO - Waiting in store based barrier to initialize process group for rank: 0, key: store_based_barrier_key:1 (world_size=1, worker_count=4, timeout=0:30:00)
2023-09-24 06:16:03 - INFO - Waiting in store based barrier to initialize process group for rank: 0, key: store_based_barrier_key:1 (world_size=1, worker_count=4, timeout=0:30:00)
2023-09-24 06:16:03 - INFO - Waiting in store based barrier to initialize process group for rank: 0, key: store_based_barrier_key:1 (world_size=1, worker_count=4, timeout=0:30:00)
2023-09-24 06:16:12 - INFO - Epoch: 5, Val MSELoss: 13.1141, Val HGloss:0.5324, Val MAEloss:3.1413
2023-09-24 06:16:12 - INFO - Val corrs pearson:-0.01388766163528321, spearman:-0.04423174050400449
2023-09-24 06:16:12 - INFO - Early stop counter 1. Best val:0.01603322206055823 saved as bestmodel_H1microC90_s50_CE_MSE_nobnrs_gelu_0924055729.pt
2023-09-24 06:16:13 - INFO - Waiting in store based barrier to initialize process group for rank: 0, key: store_based_barrier_key:1 (world_size=1, worker_count=4, timeout=0:30:00)
2023-09-24 06:16:13 - INFO - Waiting in store based barrier to initialize process group for rank: 0, key: store_based_barrier_key:1 (world_size=1, worker_count=4, timeout=0:30:00)
2023-09-24 06:16:13 - INFO - Waiting in store based barrier to initialize process group for rank: 0, key: store_based_barrier_key:1 (world_size=1, worker_count=4, timeout=0:30:00)
2023-09-24 06:16:23 - INFO - Waiting in store based barrier to initialize process group for rank: 0, key: store_based_barrier_key:1 (world_size=1, worker_count=4, timeout=0:30:00)
2023-09-24 06:16:23 - INFO - Waiting in store based barrier to initialize process group for rank: 0, key: store_based_barrier_key:1 (world_size=1, worker_count=4, timeout=0:30:00)
2023-09-24 06:16:23 - INFO - Waiting in store based barrier to initialize process group for rank: 0, key: store_based_barrier_key:1 (world_size=1, worker_count=4, timeout=0:30:00)
2023-09-24 06:16:33 - INFO - Waiting in store based barrier to initialize process group for rank: 0, key: store_based_barrier_key:1 (world_size=1, worker_count=4, timeout=0:30:00)
2023-09-24 06:16:33 - INFO - Waiting in store based barrier to initialize process group for rank: 0, key: store_based_barrier_key:1 (world_size=1, worker_count=4, timeout=0:30:00)
2023-09-24 06:16:33 - INFO - Waiting in store based barrier to initialize process group for rank: 0, key: store_based_barrier_key:1 (world_size=1, worker_count=4, timeout=0:30:00)
2023-09-24 06:16:43 - INFO - Waiting in store based barrier to initialize process group for rank: 0, key: store_based_barrier_key:1 (world_size=1, worker_count=4, timeout=0:30:00)
2023-09-24 06:16:43 - INFO - Waiting in store based barrier to initialize process group for rank: 0, key: store_based_barrier_key:1 (world_size=1, worker_count=4, timeout=0:30:00)
2023-09-24 06:16:43 - INFO - Waiting in store based barrier to initialize process group for rank: 0, key: store_based_barrier_key:1 (world_size=1, worker_count=4, timeout=0:30:00)
2023-09-24 06:16:53 - INFO - Waiting in store based barrier to initialize process group for rank: 0, key: store_based_barrier_key:1 (world_size=1, worker_count=4, timeout=0:30:00)
2023-09-24 06:16:53 - INFO - Waiting in store based barrier to initialize process group for rank: 0, key: store_based_barrier_key:1 (world_size=1, worker_count=4, timeout=0:30:00)
2023-09-24 06:16:53 - INFO - Waiting in store based barrier to initialize process group for rank: 0, key: store_based_barrier_key:1 (world_size=1, worker_count=4, timeout=0:30:00)
2023-09-24 06:17:03 - INFO - Waiting in store based barrier to initialize process group for rank: 0, key: store_based_barrier_key:1 (world_size=1, worker_count=4, timeout=0:30:00)
2023-09-24 06:17:03 - INFO - Waiting in store based barrier to initialize process group for rank: 0, key: store_based_barrier_key:1 (world_size=1, worker_count=4, timeout=0:30:00)
2023-09-24 06:17:03 - INFO - Waiting in store based barrier to initialize process group for rank: 0, key: store_based_barrier_key:1 (world_size=1, worker_count=4, timeout=0:30:00)
2023-09-24 06:17:13 - INFO - Waiting in store based barrier to initialize process group for rank: 0, key: store_based_barrier_key:1 (world_size=1, worker_count=4, timeout=0:30:00)
2023-09-24 06:17:13 - INFO - Waiting in store based barrier to initialize process group for rank: 0, key: store_based_barrier_key:1 (world_size=1, worker_count=4, timeout=0:30:00)
2023-09-24 06:17:13 - INFO - Waiting in store based barrier to initialize process group for rank: 0, key: store_based_barrier_key:1 (world_size=1, worker_count=4, timeout=0:30:00)
2023-09-24 06:17:23 - INFO - Waiting in store based barrier to initialize process group for rank: 0, key: store_based_barrier_key:1 (world_size=1, worker_count=4, timeout=0:30:00)
2023-09-24 06:17:23 - INFO - Waiting in store based barrier to initialize process group for rank: 0, key: store_based_barrier_key:1 (world_size=1, worker_count=4, timeout=0:30:00)
2023-09-24 06:17:23 - INFO - Waiting in store based barrier to initialize process group for rank: 0, key: store_based_barrier_key:1 (world_size=1, worker_count=4, timeout=0:30:00)
2023-09-24 06:17:33 - INFO - Waiting in store based barrier to initialize process group for rank: 0, key: store_based_barrier_key:1 (world_size=1, worker_count=4, timeout=0:30:00)
2023-09-24 06:17:33 - INFO - Waiting in store based barrier to initialize process group for rank: 0, key: store_based_barrier_key:1 (world_size=1, worker_count=4, timeout=0:30:00)
2023-09-24 06:17:33 - INFO - Waiting in store based barrier to initialize process group for rank: 0, key: store_based_barrier_key:1 (world_size=1, worker_count=4, timeout=0:30:00)
2023-09-24 06:17:43 - INFO - Waiting in store based barrier to initialize process group for rank: 0, key: store_based_barrier_key:1 (world_size=1, worker_count=4, timeout=0:30:00)
2023-09-24 06:17:43 - INFO - Waiting in store based barrier to initialize process group for rank: 0, key: store_based_barrier_key:1 (world_size=1, worker_count=4, timeout=0:30:00)
2023-09-24 06:17:43 - INFO - Waiting in store based barrier to initialize process group for rank: 0, key: store_based_barrier_key:1 (world_size=1, worker_count=4, timeout=0:30:00)
2023-09-24 06:17:53 - INFO - Waiting in store based barrier to initialize process group for rank: 0, key: store_based_barrier_key:1 (world_size=1, worker_count=4, timeout=0:30:00)
2023-09-24 06:17:53 - INFO - Waiting in store based barrier to initialize process group for rank: 0, key: store_based_barrier_key:1 (world_size=1, worker_count=4, timeout=0:30:00)
2023-09-24 06:17:53 - INFO - Waiting in store based barrier to initialize process group for rank: 0, key: store_based_barrier_key:1 (world_size=1, worker_count=4, timeout=0:30:00)
2023-09-24 06:18:03 - INFO - Waiting in store based barrier to initialize process group for rank: 0, key: store_based_barrier_key:1 (world_size=1, worker_count=4, timeout=0:30:00)
2023-09-24 06:18:03 - INFO - Waiting in store based barrier to initialize process group for rank: 0, key: store_based_barrier_key:1 (world_size=1, worker_count=4, timeout=0:30:00)
2023-09-24 06:18:03 - INFO - Waiting in store based barrier to initialize process group for rank: 0, key: store_based_barrier_key:1 (world_size=1, worker_count=4, timeout=0:30:00)
2023-09-24 06:18:13 - INFO - Waiting in store based barrier to initialize process group for rank: 0, key: store_based_barrier_key:1 (world_size=1, worker_count=4, timeout=0:30:00)
2023-09-24 06:18:13 - INFO - Waiting in store based barrier to initialize process group for rank: 0, key: store_based_barrier_key:1 (world_size=1, worker_count=4, timeout=0:30:00)
2023-09-24 06:18:13 - INFO - Waiting in store based barrier to initialize process group for rank: 0, key: store_based_barrier_key:1 (world_size=1, worker_count=4, timeout=0:30:00)
2023-09-24 06:18:23 - INFO - Waiting in store based barrier to initialize process group for rank: 0, key: store_based_barrier_key:1 (world_size=1, worker_count=4, timeout=0:30:00)
2023-09-24 06:18:23 - INFO - Waiting in store based barrier to initialize process group for rank: 0, key: store_based_barrier_key:1 (world_size=1, worker_count=4, timeout=0:30:00)
2023-09-24 06:18:23 - INFO - Waiting in store based barrier to initialize process group for rank: 0, key: store_based_barrier_key:1 (world_size=1, worker_count=4, timeout=0:30:00)
2023-09-24 06:18:33 - INFO - Waiting in store based barrier to initialize process group for rank: 0, key: store_based_barrier_key:1 (world_size=1, worker_count=4, timeout=0:30:00)
2023-09-24 06:18:33 - INFO - Waiting in store based barrier to initialize process group for rank: 0, key: store_based_barrier_key:1 (world_size=1, worker_count=4, timeout=0:30:00)
2023-09-24 06:18:33 - INFO - Waiting in store based barrier to initialize process group for rank: 0, key: store_based_barrier_key:1 (world_size=1, worker_count=4, timeout=0:30:00)
2023-09-24 06:18:42 - INFO - epoch 6/800, Train loss 2.621923565864563
2023-09-24 06:18:43 - INFO - Waiting in store based barrier to initialize process group for rank: 0, key: store_based_barrier_key:1 (world_size=1, worker_count=4, timeout=0:30:00)
2023-09-24 06:18:43 - INFO - Waiting in store based barrier to initialize process group for rank: 0, key: store_based_barrier_key:1 (world_size=1, worker_count=4, timeout=0:30:00)
2023-09-24 06:18:43 - INFO - Waiting in store based barrier to initialize process group for rank: 0, key: store_based_barrier_key:1 (world_size=1, worker_count=4, timeout=0:30:00)
2023-09-24 06:18:53 - INFO - Waiting in store based barrier to initialize process group for rank: 0, key: store_based_barrier_key:1 (world_size=1, worker_count=4, timeout=0:30:00)
2023-09-24 06:18:53 - INFO - Waiting in store based barrier to initialize process group for rank: 0, key: store_based_barrier_key:1 (world_size=1, worker_count=4, timeout=0:30:00)
2023-09-24 06:18:53 - INFO - Waiting in store based barrier to initialize process group for rank: 0, key: store_based_barrier_key:1 (world_size=1, worker_count=4, timeout=0:30:00)
2023-09-24 06:19:03 - INFO - Waiting in store based barrier to initialize process group for rank: 0, key: store_based_barrier_key:1 (world_size=1, worker_count=4, timeout=0:30:00)
2023-09-24 06:19:03 - INFO - Waiting in store based barrier to initialize process group for rank: 0, key: store_based_barrier_key:1 (world_size=1, worker_count=4, timeout=0:30:00)
2023-09-24 06:19:03 - INFO - Waiting in store based barrier to initialize process group for rank: 0, key: store_based_barrier_key:1 (world_size=1, worker_count=4, timeout=0:30:00)
2023-09-24 06:19:13 - INFO - Waiting in store based barrier to initialize process group for rank: 0, key: store_based_barrier_key:1 (world_size=1, worker_count=4, timeout=0:30:00)
2023-09-24 06:19:13 - INFO - Waiting in store based barrier to initialize process group for rank: 0, key: store_based_barrier_key:1 (world_size=1, worker_count=4, timeout=0:30:00)
2023-09-24 06:19:13 - INFO - Waiting in store based barrier to initialize process group for rank: 0, key: store_based_barrier_key:1 (world_size=1, worker_count=4, timeout=0:30:00)
2023-09-24 06:19:23 - INFO - Waiting in store based barrier to initialize process group for rank: 0, key: store_based_barrier_key:1 (world_size=1, worker_count=4, timeout=0:30:00)
2023-09-24 06:19:23 - INFO - Waiting in store based barrier to initialize process group for rank: 0, key: store_based_barrier_key:1 (world_size=1, worker_count=4, timeout=0:30:00)
2023-09-24 06:19:23 - INFO - Waiting in store based barrier to initialize process group for rank: 0, key: store_based_barrier_key:1 (world_size=1, worker_count=4, timeout=0:30:00)
2023-09-24 06:19:33 - INFO - Waiting in store based barrier to initialize process group for rank: 0, key: store_based_barrier_key:1 (world_size=1, worker_count=4, timeout=0:30:00)
2023-09-24 06:19:33 - INFO - Waiting in store based barrier to initialize process group for rank: 0, key: store_based_barrier_key:1 (world_size=1, worker_count=4, timeout=0:30:00)
2023-09-24 06:19:33 - INFO - Waiting in store based barrier to initialize process group for rank: 0, key: store_based_barrier_key:1 (world_size=1, worker_count=4, timeout=0:30:00)
2023-09-24 06:19:43 - INFO - Waiting in store based barrier to initialize process group for rank: 0, key: store_based_barrier_key:1 (world_size=1, worker_count=4, timeout=0:30:00)
2023-09-24 06:19:43 - INFO - Waiting in store based barrier to initialize process group for rank: 0, key: store_based_barrier_key:1 (world_size=1, worker_count=4, timeout=0:30:00)
2023-09-24 06:19:43 - INFO - Waiting in store based barrier to initialize process group for rank: 0, key: store_based_barrier_key:1 (world_size=1, worker_count=4, timeout=0:30:00)
2023-09-24 06:19:53 - INFO - Waiting in store based barrier to initialize process group for rank: 0, key: store_based_barrier_key:1 (world_size=1, worker_count=4, timeout=0:30:00)
2023-09-24 06:19:53 - INFO - Waiting in store based barrier to initialize process group for rank: 0, key: store_based_barrier_key:1 (world_size=1, worker_count=4, timeout=0:30:00)
2023-09-24 06:19:53 - INFO - Waiting in store based barrier to initialize process group for rank: 0, key: store_based_barrier_key:1 (world_size=1, worker_count=4, timeout=0:30:00)
2023-09-24 06:20:03 - INFO - Waiting in store based barrier to initialize process group for rank: 0, key: store_based_barrier_key:1 (world_size=1, worker_count=4, timeout=0:30:00)
2023-09-24 06:20:03 - INFO - Waiting in store based barrier to initialize process group for rank: 0, key: store_based_barrier_key:1 (world_size=1, worker_count=4, timeout=0:30:00)
2023-09-24 06:20:03 - INFO - Waiting in store based barrier to initialize process group for rank: 0, key: store_based_barrier_key:1 (world_size=1, worker_count=4, timeout=0:30:00)
2023-09-24 06:20:13 - INFO - Waiting in store based barrier to initialize process group for rank: 0, key: store_based_barrier_key:1 (world_size=1, worker_count=4, timeout=0:30:00)
2023-09-24 06:20:13 - INFO - Waiting in store based barrier to initialize process group for rank: 0, key: store_based_barrier_key:1 (world_size=1, worker_count=4, timeout=0:30:00)
2023-09-24 06:20:13 - INFO - Waiting in store based barrier to initialize process group for rank: 0, key: store_based_barrier_key:1 (world_size=1, worker_count=4, timeout=0:30:00)
2023-09-24 06:20:23 - INFO - Waiting in store based barrier to initialize process group for rank: 0, key: store_based_barrier_key:1 (world_size=1, worker_count=4, timeout=0:30:00)
2023-09-24 06:20:23 - INFO - Waiting in store based barrier to initialize process group for rank: 0, key: store_based_barrier_key:1 (world_size=1, worker_count=4, timeout=0:30:00)
2023-09-24 06:20:23 - INFO - Waiting in store based barrier to initialize process group for rank: 0, key: store_based_barrier_key:1 (world_size=1, worker_count=4, timeout=0:30:00)
2023-09-24 06:20:33 - INFO - Waiting in store based barrier to initialize process group for rank: 0, key: store_based_barrier_key:1 (world_size=1, worker_count=4, timeout=0:30:00)
2023-09-24 06:20:33 - INFO - Waiting in store based barrier to initialize process group for rank: 0, key: store_based_barrier_key:1 (world_size=1, worker_count=4, timeout=0:30:00)
2023-09-24 06:20:33 - INFO - Waiting in store based barrier to initialize process group for rank: 0, key: store_based_barrier_key:1 (world_size=1, worker_count=4, timeout=0:30:00)
2023-09-24 06:20:43 - INFO - Waiting in store based barrier to initialize process group for rank: 0, key: store_based_barrier_key:1 (world_size=1, worker_count=4, timeout=0:30:00)
2023-09-24 06:20:43 - INFO - Waiting in store based barrier to initialize process group for rank: 0, key: store_based_barrier_key:1 (world_size=1, worker_count=4, timeout=0:30:00)
2023-09-24 06:20:43 - INFO - Waiting in store based barrier to initialize process group for rank: 0, key: store_based_barrier_key:1 (world_size=1, worker_count=4, timeout=0:30:00)
2023-09-24 06:20:53 - INFO - Waiting in store based barrier to initialize process group for rank: 0, key: store_based_barrier_key:1 (world_size=1, worker_count=4, timeout=0:30:00)
2023-09-24 06:20:53 - INFO - Waiting in store based barrier to initialize process group for rank: 0, key: store_based_barrier_key:1 (world_size=1, worker_count=4, timeout=0:30:00)
2023-09-24 06:20:53 - INFO - Waiting in store based barrier to initialize process group for rank: 0, key: store_based_barrier_key:1 (world_size=1, worker_count=4, timeout=0:30:00)
2023-09-24 06:21:03 - INFO - Waiting in store based barrier to initialize process group for rank: 0, key: store_based_barrier_key:1 (world_size=1, worker_count=4, timeout=0:30:00)
2023-09-24 06:21:03 - INFO - Waiting in store based barrier to initialize process group for rank: 0, key: store_based_barrier_key:1 (world_size=1, worker_count=4, timeout=0:30:00)
2023-09-24 06:21:03 - INFO - Waiting in store based barrier to initialize process group for rank: 0, key: store_based_barrier_key:1 (world_size=1, worker_count=4, timeout=0:30:00)
2023-09-24 06:21:11 - INFO - epoch 7/800, Train loss 2.5954684364980984
2023-09-24 06:21:13 - INFO - Waiting in store based barrier to initialize process group for rank: 0, key: store_based_barrier_key:1 (world_size=1, worker_count=4, timeout=0:30:00)
2023-09-24 06:21:13 - INFO - Waiting in store based barrier to initialize process group for rank: 0, key: store_based_barrier_key:1 (world_size=1, worker_count=4, timeout=0:30:00)
2023-09-24 06:21:13 - INFO - Waiting in store based barrier to initialize process group for rank: 0, key: store_based_barrier_key:1 (world_size=1, worker_count=4, timeout=0:30:00)
2023-09-24 06:21:23 - INFO - Waiting in store based barrier to initialize process group for rank: 0, key: store_based_barrier_key:1 (world_size=1, worker_count=4, timeout=0:30:00)
2023-09-24 06:21:23 - INFO - Waiting in store based barrier to initialize process group for rank: 0, key: store_based_barrier_key:1 (world_size=1, worker_count=4, timeout=0:30:00)
2023-09-24 06:21:23 - INFO - Waiting in store based barrier to initialize process group for rank: 0, key: store_based_barrier_key:1 (world_size=1, worker_count=4, timeout=0:30:00)
2023-09-24 06:21:33 - INFO - Waiting in store based barrier to initialize process group for rank: 0, key: store_based_barrier_key:1 (world_size=1, worker_count=4, timeout=0:30:00)
2023-09-24 06:21:33 - INFO - Waiting in store based barrier to initialize process group for rank: 0, key: store_based_barrier_key:1 (world_size=1, worker_count=4, timeout=0:30:00)
2023-09-24 06:21:33 - INFO - Waiting in store based barrier to initialize process group for rank: 0, key: store_based_barrier_key:1 (world_size=1, worker_count=4, timeout=0:30:00)
2023-09-24 06:21:43 - INFO - Waiting in store based barrier to initialize process group for rank: 0, key: store_based_barrier_key:1 (world_size=1, worker_count=4, timeout=0:30:00)
2023-09-24 06:21:43 - INFO - Waiting in store based barrier to initialize process group for rank: 0, key: store_based_barrier_key:1 (world_size=1, worker_count=4, timeout=0:30:00)
2023-09-24 06:21:43 - INFO - Waiting in store based barrier to initialize process group for rank: 0, key: store_based_barrier_key:1 (world_size=1, worker_count=4, timeout=0:30:00)
2023-09-24 06:21:53 - INFO - Waiting in store based barrier to initialize process group for rank: 0, key: store_based_barrier_key:1 (world_size=1, worker_count=4, timeout=0:30:00)
2023-09-24 06:21:53 - INFO - Waiting in store based barrier to initialize process group for rank: 0, key: store_based_barrier_key:1 (world_size=1, worker_count=4, timeout=0:30:00)
2023-09-24 06:21:53 - INFO - Waiting in store based barrier to initialize process group for rank: 0, key: store_based_barrier_key:1 (world_size=1, worker_count=4, timeout=0:30:00)
2023-09-24 06:22:03 - INFO - Waiting in store based barrier to initialize process group for rank: 0, key: store_based_barrier_key:1 (world_size=1, worker_count=4, timeout=0:30:00)
2023-09-24 06:22:03 - INFO - Waiting in store based barrier to initialize process group for rank: 0, key: store_based_barrier_key:1 (world_size=1, worker_count=4, timeout=0:30:00)
2023-09-24 06:22:03 - INFO - Waiting in store based barrier to initialize process group for rank: 0, key: store_based_barrier_key:1 (world_size=1, worker_count=4, timeout=0:30:00)
2023-09-24 06:22:13 - INFO - Waiting in store based barrier to initialize process group for rank: 0, key: store_based_barrier_key:1 (world_size=1, worker_count=4, timeout=0:30:00)
2023-09-24 06:22:13 - INFO - Waiting in store based barrier to initialize process group for rank: 0, key: store_based_barrier_key:1 (world_size=1, worker_count=4, timeout=0:30:00)
2023-09-24 06:22:13 - INFO - Waiting in store based barrier to initialize process group for rank: 0, key: store_based_barrier_key:1 (world_size=1, worker_count=4, timeout=0:30:00)
2023-09-24 06:22:23 - INFO - Waiting in store based barrier to initialize process group for rank: 0, key: store_based_barrier_key:1 (world_size=1, worker_count=4, timeout=0:30:00)
2023-09-24 06:22:23 - INFO - Waiting in store based barrier to initialize process group for rank: 0, key: store_based_barrier_key:1 (world_size=1, worker_count=4, timeout=0:30:00)
2023-09-24 06:22:23 - INFO - Waiting in store based barrier to initialize process group for rank: 0, key: store_based_barrier_key:1 (world_size=1, worker_count=4, timeout=0:30:00)
2023-09-24 06:22:33 - INFO - Waiting in store based barrier to initialize process group for rank: 0, key: store_based_barrier_key:1 (world_size=1, worker_count=4, timeout=0:30:00)
2023-09-24 06:22:33 - INFO - Waiting in store based barrier to initialize process group for rank: 0, key: store_based_barrier_key:1 (world_size=1, worker_count=4, timeout=0:30:00)
2023-09-24 06:22:33 - INFO - Waiting in store based barrier to initialize process group for rank: 0, key: store_based_barrier_key:1 (world_size=1, worker_count=4, timeout=0:30:00)
2023-09-24 06:22:43 - INFO - Waiting in store based barrier to initialize process group for rank: 0, key: store_based_barrier_key:1 (world_size=1, worker_count=4, timeout=0:30:00)
2023-09-24 06:22:43 - INFO - Waiting in store based barrier to initialize process group for rank: 0, key: store_based_barrier_key:1 (world_size=1, worker_count=4, timeout=0:30:00)
2023-09-24 06:22:43 - INFO - Waiting in store based barrier to initialize process group for rank: 0, key: store_based_barrier_key:1 (world_size=1, worker_count=4, timeout=0:30:00)
2023-09-24 06:22:53 - INFO - Waiting in store based barrier to initialize process group for rank: 0, key: store_based_barrier_key:1 (world_size=1, worker_count=4, timeout=0:30:00)
2023-09-24 06:22:53 - INFO - Waiting in store based barrier to initialize process group for rank: 0, key: store_based_barrier_key:1 (world_size=1, worker_count=4, timeout=0:30:00)
2023-09-24 06:22:53 - INFO - Waiting in store based barrier to initialize process group for rank: 0, key: store_based_barrier_key:1 (world_size=1, worker_count=4, timeout=0:30:00)
2023-09-24 06:23:03 - INFO - Waiting in store based barrier to initialize process group for rank: 0, key: store_based_barrier_key:1 (world_size=1, worker_count=4, timeout=0:30:00)
2023-09-24 06:23:03 - INFO - Waiting in store based barrier to initialize process group for rank: 0, key: store_based_barrier_key:1 (world_size=1, worker_count=4, timeout=0:30:00)
2023-09-24 06:23:03 - INFO - Waiting in store based barrier to initialize process group for rank: 0, key: store_based_barrier_key:1 (world_size=1, worker_count=4, timeout=0:30:00)
2023-09-24 06:23:13 - INFO - Waiting in store based barrier to initialize process group for rank: 0, key: store_based_barrier_key:1 (world_size=1, worker_count=4, timeout=0:30:00)
2023-09-24 06:23:13 - INFO - Waiting in store based barrier to initialize process group for rank: 0, key: store_based_barrier_key:1 (world_size=1, worker_count=4, timeout=0:30:00)
2023-09-24 06:23:13 - INFO - Waiting in store based barrier to initialize process group for rank: 0, key: store_based_barrier_key:1 (world_size=1, worker_count=4, timeout=0:30:00)
2023-09-24 06:23:23 - INFO - Waiting in store based barrier to initialize process group for rank: 0, key: store_based_barrier_key:1 (world_size=1, worker_count=4, timeout=0:30:00)
2023-09-24 06:23:23 - INFO - Waiting in store based barrier to initialize process group for rank: 0, key: store_based_barrier_key:1 (world_size=1, worker_count=4, timeout=0:30:00)
2023-09-24 06:23:23 - INFO - Waiting in store based barrier to initialize process group for rank: 0, key: store_based_barrier_key:1 (world_size=1, worker_count=4, timeout=0:30:00)
2023-09-24 06:23:33 - INFO - Waiting in store based barrier to initialize process group for rank: 0, key: store_based_barrier_key:1 (world_size=1, worker_count=4, timeout=0:30:00)
2023-09-24 06:23:33 - INFO - Waiting in store based barrier to initialize process group for rank: 0, key: store_based_barrier_key:1 (world_size=1, worker_count=4, timeout=0:30:00)
2023-09-24 06:23:33 - INFO - Waiting in store based barrier to initialize process group for rank: 0, key: store_based_barrier_key:1 (world_size=1, worker_count=4, timeout=0:30:00)
2023-09-24 06:23:40 - INFO - epoch 8/800, Train loss 2.5908612049923043
2023-09-24 06:23:43 - INFO - Waiting in store based barrier to initialize process group for rank: 0, key: store_based_barrier_key:1 (world_size=1, worker_count=4, timeout=0:30:00)
2023-09-24 06:23:43 - INFO - Waiting in store based barrier to initialize process group for rank: 0, key: store_based_barrier_key:1 (world_size=1, worker_count=4, timeout=0:30:00)
2023-09-24 06:23:43 - INFO - Waiting in store based barrier to initialize process group for rank: 0, key: store_based_barrier_key:1 (world_size=1, worker_count=4, timeout=0:30:00)
2023-09-24 06:23:53 - INFO - Waiting in store based barrier to initialize process group for rank: 0, key: store_based_barrier_key:1 (world_size=1, worker_count=4, timeout=0:30:00)
2023-09-24 06:23:53 - INFO - Waiting in store based barrier to initialize process group for rank: 0, key: store_based_barrier_key:1 (world_size=1, worker_count=4, timeout=0:30:00)
2023-09-24 06:23:53 - INFO - Waiting in store based barrier to initialize process group for rank: 0, key: store_based_barrier_key:1 (world_size=1, worker_count=4, timeout=0:30:00)
2023-09-24 06:24:03 - INFO - Waiting in store based barrier to initialize process group for rank: 0, key: store_based_barrier_key:1 (world_size=1, worker_count=4, timeout=0:30:00)
2023-09-24 06:24:03 - INFO - Waiting in store based barrier to initialize process group for rank: 0, key: store_based_barrier_key:1 (world_size=1, worker_count=4, timeout=0:30:00)
2023-09-24 06:24:03 - INFO - Waiting in store based barrier to initialize process group for rank: 0, key: store_based_barrier_key:1 (world_size=1, worker_count=4, timeout=0:30:00)
2023-09-24 06:24:13 - INFO - Waiting in store based barrier to initialize process group for rank: 0, key: store_based_barrier_key:1 (world_size=1, worker_count=4, timeout=0:30:00)
2023-09-24 06:24:13 - INFO - Waiting in store based barrier to initialize process group for rank: 0, key: store_based_barrier_key:1 (world_size=1, worker_count=4, timeout=0:30:00)
2023-09-24 06:24:13 - INFO - Waiting in store based barrier to initialize process group for rank: 0, key: store_based_barrier_key:1 (world_size=1, worker_count=4, timeout=0:30:00)
2023-09-24 06:24:23 - INFO - Waiting in store based barrier to initialize process group for rank: 0, key: store_based_barrier_key:1 (world_size=1, worker_count=4, timeout=0:30:00)
2023-09-24 06:24:23 - INFO - Waiting in store based barrier to initialize process group for rank: 0, key: store_based_barrier_key:1 (world_size=1, worker_count=4, timeout=0:30:00)
2023-09-24 06:24:23 - INFO - Waiting in store based barrier to initialize process group for rank: 0, key: store_based_barrier_key:1 (world_size=1, worker_count=4, timeout=0:30:00)
2023-09-24 06:24:33 - INFO - Waiting in store based barrier to initialize process group for rank: 0, key: store_based_barrier_key:1 (world_size=1, worker_count=4, timeout=0:30:00)
2023-09-24 06:24:33 - INFO - Waiting in store based barrier to initialize process group for rank: 0, key: store_based_barrier_key:1 (world_size=1, worker_count=4, timeout=0:30:00)
2023-09-24 06:24:33 - INFO - Waiting in store based barrier to initialize process group for rank: 0, key: store_based_barrier_key:1 (world_size=1, worker_count=4, timeout=0:30:00)
2023-09-24 06:24:43 - INFO - Waiting in store based barrier to initialize process group for rank: 0, key: store_based_barrier_key:1 (world_size=1, worker_count=4, timeout=0:30:00)
2023-09-24 06:24:43 - INFO - Waiting in store based barrier to initialize process group for rank: 0, key: store_based_barrier_key:1 (world_size=1, worker_count=4, timeout=0:30:00)
2023-09-24 06:24:43 - INFO - Waiting in store based barrier to initialize process group for rank: 0, key: store_based_barrier_key:1 (world_size=1, worker_count=4, timeout=0:30:00)
2023-09-24 06:24:53 - INFO - Waiting in store based barrier to initialize process group for rank: 0, key: store_based_barrier_key:1 (world_size=1, worker_count=4, timeout=0:30:00)
2023-09-24 06:24:53 - INFO - Waiting in store based barrier to initialize process group for rank: 0, key: store_based_barrier_key:1 (world_size=1, worker_count=4, timeout=0:30:00)
2023-09-24 06:24:53 - INFO - Waiting in store based barrier to initialize process group for rank: 0, key: store_based_barrier_key:1 (world_size=1, worker_count=4, timeout=0:30:00)
2023-09-24 06:25:03 - INFO - Waiting in store based barrier to initialize process group for rank: 0, key: store_based_barrier_key:1 (world_size=1, worker_count=4, timeout=0:30:00)
2023-09-24 06:25:03 - INFO - Waiting in store based barrier to initialize process group for rank: 0, key: store_based_barrier_key:1 (world_size=1, worker_count=4, timeout=0:30:00)
2023-09-24 06:25:03 - INFO - Waiting in store based barrier to initialize process group for rank: 0, key: store_based_barrier_key:1 (world_size=1, worker_count=4, timeout=0:30:00)
2023-09-24 06:25:13 - INFO - Waiting in store based barrier to initialize process group for rank: 0, key: store_based_barrier_key:1 (world_size=1, worker_count=4, timeout=0:30:00)
2023-09-24 06:25:13 - INFO - Waiting in store based barrier to initialize process group for rank: 0, key: store_based_barrier_key:1 (world_size=1, worker_count=4, timeout=0:30:00)
2023-09-24 06:25:13 - INFO - Waiting in store based barrier to initialize process group for rank: 0, key: store_based_barrier_key:1 (world_size=1, worker_count=4, timeout=0:30:00)
2023-09-24 06:25:23 - INFO - Waiting in store based barrier to initialize process group for rank: 0, key: store_based_barrier_key:1 (world_size=1, worker_count=4, timeout=0:30:00)
2023-09-24 06:25:23 - INFO - Waiting in store based barrier to initialize process group for rank: 0, key: store_based_barrier_key:1 (world_size=1, worker_count=4, timeout=0:30:00)
2023-09-24 06:25:23 - INFO - Waiting in store based barrier to initialize process group for rank: 0, key: store_based_barrier_key:1 (world_size=1, worker_count=4, timeout=0:30:00)
2023-09-24 06:25:33 - INFO - Waiting in store based barrier to initialize process group for rank: 0, key: store_based_barrier_key:1 (world_size=1, worker_count=4, timeout=0:30:00)
2023-09-24 06:25:33 - INFO - Waiting in store based barrier to initialize process group for rank: 0, key: store_based_barrier_key:1 (world_size=1, worker_count=4, timeout=0:30:00)
2023-09-24 06:25:33 - INFO - Waiting in store based barrier to initialize process group for rank: 0, key: store_based_barrier_key:1 (world_size=1, worker_count=4, timeout=0:30:00)
2023-09-24 06:25:43 - INFO - Waiting in store based barrier to initialize process group for rank: 0, key: store_based_barrier_key:1 (world_size=1, worker_count=4, timeout=0:30:00)
2023-09-24 06:25:43 - INFO - Waiting in store based barrier to initialize process group for rank: 0, key: store_based_barrier_key:1 (world_size=1, worker_count=4, timeout=0:30:00)
2023-09-24 06:25:43 - INFO - Waiting in store based barrier to initialize process group for rank: 0, key: store_based_barrier_key:1 (world_size=1, worker_count=4, timeout=0:30:00)
2023-09-24 06:25:53 - INFO - Waiting in store based barrier to initialize process group for rank: 0, key: store_based_barrier_key:1 (world_size=1, worker_count=4, timeout=0:30:00)
2023-09-24 06:25:53 - INFO - Waiting in store based barrier to initialize process group for rank: 0, key: store_based_barrier_key:1 (world_size=1, worker_count=4, timeout=0:30:00)
2023-09-24 06:25:53 - INFO - Waiting in store based barrier to initialize process group for rank: 0, key: store_based_barrier_key:1 (world_size=1, worker_count=4, timeout=0:30:00)
2023-09-24 06:26:03 - INFO - Waiting in store based barrier to initialize process group for rank: 0, key: store_based_barrier_key:1 (world_size=1, worker_count=4, timeout=0:30:00)
2023-09-24 06:26:03 - INFO - Waiting in store based barrier to initialize process group for rank: 0, key: store_based_barrier_key:1 (world_size=1, worker_count=4, timeout=0:30:00)
2023-09-24 06:26:03 - INFO - Waiting in store based barrier to initialize process group for rank: 0, key: store_based_barrier_key:1 (world_size=1, worker_count=4, timeout=0:30:00)
2023-09-24 06:26:08 - INFO - epoch 9/800, Train loss 2.594269119396111
2023-09-24 06:26:13 - INFO - Waiting in store based barrier to initialize process group for rank: 0, key: store_based_barrier_key:1 (world_size=1, worker_count=4, timeout=0:30:00)
2023-09-24 06:26:13 - INFO - Waiting in store based barrier to initialize process group for rank: 0, key: store_based_barrier_key:1 (world_size=1, worker_count=4, timeout=0:30:00)
2023-09-24 06:26:13 - INFO - Waiting in store based barrier to initialize process group for rank: 0, key: store_based_barrier_key:1 (world_size=1, worker_count=4, timeout=0:30:00)
2023-09-24 06:26:23 - INFO - Waiting in store based barrier to initialize process group for rank: 0, key: store_based_barrier_key:1 (world_size=1, worker_count=4, timeout=0:30:00)
2023-09-24 06:26:23 - INFO - Waiting in store based barrier to initialize process group for rank: 0, key: store_based_barrier_key:1 (world_size=1, worker_count=4, timeout=0:30:00)
2023-09-24 06:26:23 - INFO - Waiting in store based barrier to initialize process group for rank: 0, key: store_based_barrier_key:1 (world_size=1, worker_count=4, timeout=0:30:00)
2023-09-24 06:26:33 - INFO - Waiting in store based barrier to initialize process group for rank: 0, key: store_based_barrier_key:1 (world_size=1, worker_count=4, timeout=0:30:00)
2023-09-24 06:26:33 - INFO - Waiting in store based barrier to initialize process group for rank: 0, key: store_based_barrier_key:1 (world_size=1, worker_count=4, timeout=0:30:00)
2023-09-24 06:26:33 - INFO - Waiting in store based barrier to initialize process group for rank: 0, key: store_based_barrier_key:1 (world_size=1, worker_count=4, timeout=0:30:00)
2023-09-24 06:26:43 - INFO - Waiting in store based barrier to initialize process group for rank: 0, key: store_based_barrier_key:1 (world_size=1, worker_count=4, timeout=0:30:00)
2023-09-24 06:26:43 - INFO - Waiting in store based barrier to initialize process group for rank: 0, key: store_based_barrier_key:1 (world_size=1, worker_count=4, timeout=0:30:00)
2023-09-24 06:26:43 - INFO - Waiting in store based barrier to initialize process group for rank: 0, key: store_based_barrier_key:1 (world_size=1, worker_count=4, timeout=0:30:00)
2023-09-24 06:26:53 - INFO - Waiting in store based barrier to initialize process group for rank: 0, key: store_based_barrier_key:1 (world_size=1, worker_count=4, timeout=0:30:00)
2023-09-24 06:26:53 - INFO - Waiting in store based barrier to initialize process group for rank: 0, key: store_based_barrier_key:1 (world_size=1, worker_count=4, timeout=0:30:00)
2023-09-24 06:26:53 - INFO - Waiting in store based barrier to initialize process group for rank: 0, key: store_based_barrier_key:1 (world_size=1, worker_count=4, timeout=0:30:00)
2023-09-24 06:27:03 - INFO - Waiting in store based barrier to initialize process group for rank: 0, key: store_based_barrier_key:1 (world_size=1, worker_count=4, timeout=0:30:00)
2023-09-24 06:27:03 - INFO - Waiting in store based barrier to initialize process group for rank: 0, key: store_based_barrier_key:1 (world_size=1, worker_count=4, timeout=0:30:00)
2023-09-24 06:27:03 - INFO - Waiting in store based barrier to initialize process group for rank: 0, key: store_based_barrier_key:1 (world_size=1, worker_count=4, timeout=0:30:00)
2023-09-24 06:27:13 - INFO - Waiting in store based barrier to initialize process group for rank: 0, key: store_based_barrier_key:1 (world_size=1, worker_count=4, timeout=0:30:00)
2023-09-24 06:27:13 - INFO - Waiting in store based barrier to initialize process group for rank: 0, key: store_based_barrier_key:1 (world_size=1, worker_count=4, timeout=0:30:00)
2023-09-24 06:27:13 - INFO - Waiting in store based barrier to initialize process group for rank: 0, key: store_based_barrier_key:1 (world_size=1, worker_count=4, timeout=0:30:00)
2023-09-24 06:27:23 - INFO - Waiting in store based barrier to initialize process group for rank: 0, key: store_based_barrier_key:1 (world_size=1, worker_count=4, timeout=0:30:00)
2023-09-24 06:27:23 - INFO - Waiting in store based barrier to initialize process group for rank: 0, key: store_based_barrier_key:1 (world_size=1, worker_count=4, timeout=0:30:00)
2023-09-24 06:27:23 - INFO - Waiting in store based barrier to initialize process group for rank: 0, key: store_based_barrier_key:1 (world_size=1, worker_count=4, timeout=0:30:00)
